#
# There is insufficient memory for the Java Runtime Environment to continue.
# Native memory allocation (mmap) failed to map 65536 bytes for Failed to commit metaspace.
# Possible reasons:
#   The system is out of physical RAM or swap space
#   The process is running with CompressedOops enabled, and the Java Heap may be blocking the growth of the native heap
# Possible solutions:
#   Reduce memory load on the system
#   Increase physical memory or swap space
#   Check if swap backing store is full
#   Decrease Java heap size (-Xmx/-Xms)
#   Decrease number of Java threads
#   Decrease Java thread stack sizes (-Xss)
#   Set larger code cache with -XX:ReservedCodeCacheSize=
#   JVM is running with Unscaled Compressed Oops mode in which the Java heap is
#     placed in the first 4GB address space. The Java Heap base address is the
#     maximum limit for the native heap growth. Please use -XX:HeapBaseMinAddress
#     to set the Java Heap base and to place the Java Heap above 4GB virtual address.
# This output file may be truncated or incomplete.
#
#  Out of Memory Error (virtualSpaceNode.cpp:110), pid=4616, tid=8480
#
# JRE version: Java(TM) SE Runtime Environment (17.0.7+8) (build 17.0.7+8-LTS-224)
# Java VM: Java HotSpot(TM) 64-Bit Server VM (17.0.7+8-LTS-224, mixed mode, sharing, tiered, compressed oops, compressed class ptrs, parallel gc, windows-amd64)
# No core dump will be written. Minidumps are not enabled by default on client versions of Windows
#

---------------  S U M M A R Y ------------

Command Line: --add-modules=ALL-SYSTEM --add-opens=java.base/java.util=ALL-UNNAMED --add-opens=java.base/java.lang=ALL-UNNAMED --add-opens=java.base/sun.nio.fs=ALL-UNNAMED -Declipse.application=org.eclipse.jdt.ls.core.id1 -Dosgi.bundles.defaultStartLevel=4 -Declipse.product=org.eclipse.jdt.ls.core.product -Djava.import.generatesMetadataFilesAtProjectRoot=false -Dfile.encoding=utf8 -XX:+UseParallelGC -XX:GCTimeRatio=4 -XX:AdaptiveSizePolicyWeight=90 -Dsun.zip.disableMemoryMapping=true -Xmx1G -Xms100m -Xlog:disable -javaagent:c:\Users\Aluno\.vscode\extensions\redhat.java-1.21.0\lombok\lombok-1.18.28.jar c:\Users\Aluno\.vscode\extensions\redhat.java-1.21.0\server\plugins\org.eclipse.equinox.launcher_1.6.500.v20230717-2134.jar -configuration c:\Users\Aluno\AppData\Roaming\Code\User\globalStorage\redhat.java\1.21.0\config_ss_win -data c:\Users\Aluno\AppData\Roaming\Code\User\workspaceStorage\1db7940c5e187e38a8077fbb54b70550\redhat.java\ss_ws

Host: 12th Gen Intel(R) Core(TM) i3-12100T, 8 cores, 15G,  Windows 11 , 64 bit Build 22621 (10.0.22621.2070)
Time: Fri Sep  1 14:54:58 2023 Hora Padrão de Buenos Aires elapsed time: 2.071538 seconds (0d 0h 0m 2s)

---------------  T H R E A D  ---------------

Current thread (0x000001cdfe672aa0):  JavaThread "Start Level: Equinox Container: 4b58fcb5-0a1f-4449-9eea-8b9e7d40625e" daemon [_thread_in_vm, id=8480, stack(0x000000adf4200000,0x000000adf4300000)]

Stack: [0x000000adf4200000,0x000000adf4300000]
Native frames: (J=compiled Java code, j=interpreted, Vv=VM code, C=native code)
V  [jvm.dll+0x676a4a]
V  [jvm.dll+0x7d74f4]
V  [jvm.dll+0x7d8c9e]
V  [jvm.dll+0x7d9303]
V  [jvm.dll+0x2452c5]
V  [jvm.dll+0x7d35fb]
V  [jvm.dll+0x61ca36]
V  [jvm.dll+0x1bfbf7]
V  [jvm.dll+0x61f390]
V  [jvm.dll+0x61d3f6]
V  [jvm.dll+0x6270f7]
V  [jvm.dll+0x1e96ad]
V  [jvm.dll+0x1e9c75]
V  [jvm.dll+0x1ea5bb]
V  [jvm.dll+0x1dfdc1]
V  [jvm.dll+0x53cf0c]
V  [jvm.dll+0x752158]
V  [jvm.dll+0x752244]
V  [jvm.dll+0x40b12f]
V  [jvm.dll+0x411149]
C  [java.dll+0x17ec]

Java frames: (J=compiled Java code, j=interpreted, Vv=VM code)
J 1003  java.lang.ClassLoader.defineClass1(Ljava/lang/ClassLoader;Ljava/lang/String;[BIILjava/security/ProtectionDomain;Ljava/lang/String;)Ljava/lang/Class; java.base@17.0.7 (0 bytes) @ 0x000001cd87b2dce3 [0x000001cd87b2dc20+0x00000000000000c3]
J 1589 c1 java.lang.ClassLoader.defineClass(Ljava/lang/String;[BIILjava/security/ProtectionDomain;)Ljava/lang/Class; java.base@17.0.7 (43 bytes) @ 0x000001cd802e705c [0x000001cd802e6d00+0x000000000000035c]
J 2088 c1 org.eclipse.osgi.internal.loader.ModuleClassLoader.defineClass(Ljava/lang/String;[BLorg/eclipse/osgi/internal/loader/classpath/ClasspathEntry;)Lorg/eclipse/osgi/internal/loader/ModuleClassLoader$DefineClassResult; (138 bytes) @ 0x000001cd8040259c [0x000001cd80402340+0x000000000000025c]
J 1955 c1 org.eclipse.osgi.internal.loader.classpath.ClasspathManager.defineClass(Ljava/lang/String;[BLorg/eclipse/osgi/internal/loader/classpath/ClasspathEntry;Lorg/eclipse/osgi/storage/bundlefile/BundleEntry;Ljava/util/List;)Ljava/lang/Class; (636 bytes) @ 0x000001cd803b225c [0x000001cd803b0760+0x0000000000001afc]
J 1825 c1 org.eclipse.osgi.internal.loader.classpath.ClasspathManager.findClassImpl(Ljava/lang/String;Lorg/eclipse/osgi/internal/loader/classpath/ClasspathEntry;Ljava/util/List;)Ljava/lang/Class; (308 bytes) @ 0x000001cd80366d8c [0x000001cd80363fa0+0x0000000000002dec]
J 1643 c1 org.eclipse.osgi.internal.loader.classpath.ClasspathManager.findLocalClassImpl(Ljava/lang/String;[Lorg/eclipse/osgi/internal/loader/classpath/ClasspathEntry;Ljava/util/List;)Ljava/lang/Class; (55 bytes) @ 0x000001cd8030dbcc [0x000001cd8030da40+0x000000000000018c]
J 1642 c1 org.eclipse.osgi.internal.loader.classpath.ClasspathManager.findLocalClassImpl(Ljava/lang/String;Ljava/util/List;)Ljava/lang/Class; (132 bytes) @ 0x000001cd8030d184 [0x000001cd8030cc40+0x0000000000000544]
J 1763 c1 org.eclipse.osgi.internal.loader.classpath.ClasspathManager.findLocalClass(Ljava/lang/String;)Ljava/lang/Class; (210 bytes) @ 0x000001cd803420bc [0x000001cd803413a0+0x0000000000000d1c]
J 1633 c1 org.eclipse.osgi.internal.loader.BundleLoader.findLocalClass(Ljava/lang/String;)Ljava/lang/Class; (152 bytes) @ 0x000001cd8030198c [0x000001cd80301120+0x000000000000086c]
J 1552 c1 org.eclipse.osgi.internal.loader.BundleLoader.findClass0(Ljava/lang/String;ZZ)Ljava/lang/Class; (466 bytes) @ 0x000001cd802d4e54 [0x000001cd802d26a0+0x00000000000027b4]
J 1551 c1 org.eclipse.osgi.internal.loader.BundleLoader.findClass(Ljava/lang/String;)Ljava/lang/Class; (8 bytes) @ 0x000001cd802d1d9c [0x000001cd802d1d20+0x000000000000007c]
J 1553 c1 org.eclipse.osgi.internal.loader.ModuleClassLoader.loadClass(Ljava/lang/String;Z)Ljava/lang/Class; (36 bytes) @ 0x000001cd802d7ec4 [0x000001cd802d7ca0+0x0000000000000224]
J 782 c1 java.lang.ClassLoader.loadClass(Ljava/lang/String;)Ljava/lang/Class; java.base@17.0.7 (7 bytes) @ 0x000001cd801454cc [0x000001cd801453c0+0x000000000000010c]
v  ~StubRoutines::call_stub
j  com.sun.jna.Library$Handler.invoke(Ljava/lang/Object;Ljava/lang/reflect/Method;[Ljava/lang/Object;)Ljava/lang/Object;+164
j  com.sun.jna.Native$3.invoke(Ljava/lang/Object;Ljava/lang/reflect/Method;[Ljava/lang/Object;)Ljava/lang/Object;+21
j  org.eclipse.core.net.$Proxy3.WinHttpOpen(Ljava/lang/String;ILjava/lang/String;Ljava/lang/String;I)Lcom/sun/jna/Pointer;+40
j  org.eclipse.core.net.ProxyProvider.initialize()V+14
j  org.eclipse.core.net.ProxyProvider.<init>()V+16
v  ~StubRoutines::call_stub
J 2446  jdk.internal.reflect.NativeConstructorAccessorImpl.newInstance0(Ljava/lang/reflect/Constructor;[Ljava/lang/Object;)Ljava/lang/Object; java.base@17.0.7 (0 bytes) @ 0x000001cd87bc5c8e [0x000001cd87bc5c20+0x000000000000006e]
J 2445 c1 jdk.internal.reflect.NativeConstructorAccessorImpl.newInstance([Ljava/lang/Object;)Ljava/lang/Object; java.base@17.0.7 (122 bytes) @ 0x000001cd804d4f24 [0x000001cd804d45e0+0x0000000000000944]
J 1164 c1 jdk.internal.reflect.DelegatingConstructorAccessorImpl.newInstance([Ljava/lang/Object;)Ljava/lang/Object; java.base@17.0.7 (9 bytes) @ 0x000001cd80209044 [0x000001cd80208f40+0x0000000000000104]
J 891 c1 java.lang.reflect.Constructor.newInstanceWithCaller([Ljava/lang/Object;ZLjava/lang/Class;)Ljava/lang/Object; java.base@17.0.7 (75 bytes) @ 0x000001cd8017e354 [0x000001cd8017e100+0x0000000000000254]
J 1836 c1 java.lang.reflect.Constructor.newInstance([Ljava/lang/Object;)Ljava/lang/Object; java.base@17.0.7 (34 bytes) @ 0x000001cd8036f3ac [0x000001cd8036f240+0x000000000000016c]
j  org.eclipse.core.internal.net.ProxyManager.<init>()V+77
j  org.eclipse.core.internal.net.ProxyManager.getProxyManager()Lorg/eclipse/core/net/proxy/IProxyService;+10
j  org.eclipse.core.internal.net.Activator.start(Lorg/osgi/framework/BundleContext;)V+98
j  org.eclipse.osgi.internal.framework.BundleContextImpl$2.run()Ljava/lang/Void;+23
j  org.eclipse.osgi.internal.framework.BundleContextImpl$2.run()Ljava/lang/Object;+1
J 1110 c1 java.security.AccessController.executePrivileged(Ljava/security/PrivilegedExceptionAction;Ljava/security/AccessControlContext;Ljava/lang/Class;)Ljava/lang/Object; java.base@17.0.7 (65 bytes) @ 0x000001cd801f633c [0x000001cd801f61e0+0x000000000000015c]
j  java.security.AccessController.doPrivileged(Ljava/security/PrivilegedExceptionAction;)Ljava/lang/Object;+9 java.base@17.0.7
j  org.eclipse.osgi.internal.framework.BundleContextImpl.startActivator(Lorg/osgi/framework/BundleActivator;)V+9
j  org.eclipse.osgi.internal.framework.BundleContextImpl.start()V+134
j  org.eclipse.osgi.internal.framework.EquinoxBundle.startWorker0()V+35
j  org.eclipse.osgi.internal.framework.EquinoxBundle$EquinoxModule.startWorker()V+4
j  org.eclipse.osgi.container.Module.doStart([Lorg/eclipse/osgi/container/Module$StartOptions;)Lorg/eclipse/osgi/container/ModuleContainerAdaptor$ModuleEvent;+190
J 1970 c1 org.eclipse.osgi.container.Module.start([Lorg/eclipse/osgi/container/Module$StartOptions;)V (655 bytes) @ 0x000001cd803b9f34 [0x000001cd803b7ae0+0x0000000000002454]
J 2112 c1 org.eclipse.osgi.framework.util.SecureAction.start(Lorg/eclipse/osgi/container/Module;[Lorg/eclipse/osgi/container/Module$StartOptions;)V (61 bytes) @ 0x000001cd8040d9f4 [0x000001cd8040d540+0x00000000000004b4]
J 1635 c1 org.eclipse.osgi.internal.hooks.EclipseLazyStarter.postFindLocalClass(Ljava/lang/String;Ljava/lang/Class;Lorg/eclipse/osgi/internal/loader/classpath/ClasspathManager;)V (394 bytes) @ 0x000001cd803049ec [0x000001cd803039e0+0x000000000000100c]
J 1763 c1 org.eclipse.osgi.internal.loader.classpath.ClasspathManager.findLocalClass(Ljava/lang/String;)Ljava/lang/Class; (210 bytes) @ 0x000001cd8034240c [0x000001cd803413a0+0x000000000000106c]
J 1633 c1 org.eclipse.osgi.internal.loader.BundleLoader.findLocalClass(Ljava/lang/String;)Ljava/lang/Class; (152 bytes) @ 0x000001cd8030198c [0x000001cd80301120+0x000000000000086c]
J 1822 c1 org.eclipse.osgi.internal.loader.sources.SingleSourcePackage.loadClass(Ljava/lang/String;)Ljava/lang/Class; (9 bytes) @ 0x000001cd8035fd44 [0x000001cd8035fc40+0x0000000000000104]
J 1552 c1 org.eclipse.osgi.internal.loader.BundleLoader.findClass0(Ljava/lang/String;ZZ)Ljava/lang/Class; (466 bytes) @ 0x000001cd802d4d54 [0x000001cd802d26a0+0x00000000000026b4]
J 1551 c1 org.eclipse.osgi.internal.loader.BundleLoader.findClass(Ljava/lang/String;)Ljava/lang/Class; (8 bytes) @ 0x000001cd802d1d9c [0x000001cd802d1d20+0x000000000000007c]
J 1553 c1 org.eclipse.osgi.internal.loader.ModuleClassLoader.loadClass(Ljava/lang/String;Z)Ljava/lang/Class; (36 bytes) @ 0x000001cd802d7ec4 [0x000001cd802d7ca0+0x0000000000000224]
J 782 c1 java.lang.ClassLoader.loadClass(Ljava/lang/String;)Ljava/lang/Class; java.base@17.0.7 (7 bytes) @ 0x000001cd801454cc [0x000001cd801453c0+0x000000000000010c]
v  ~StubRoutines::call_stub
j  org.eclipse.jdt.ls.core.internal.JavaLanguageServerPlugin.configureProxy()V+492
j  org.eclipse.jdt.ls.core.internal.JavaLanguageServerPlugin.start(Lorg/osgi/framework/BundleContext;)V+181
j  org.eclipse.osgi.internal.framework.BundleContextImpl$2.run()Ljava/lang/Void;+23
j  org.eclipse.osgi.internal.framework.BundleContextImpl$2.run()Ljava/lang/Object;+1
J 1110 c1 java.security.AccessController.executePrivileged(Ljava/security/PrivilegedExceptionAction;Ljava/security/AccessControlContext;Ljava/lang/Class;)Ljava/lang/Object; java.base@17.0.7 (65 bytes) @ 0x000001cd801f633c [0x000001cd801f61e0+0x000000000000015c]
j  java.security.AccessController.doPrivileged(Ljava/security/PrivilegedExceptionAction;)Ljava/lang/Object;+9 java.base@17.0.7
j  org.eclipse.osgi.internal.framework.BundleContextImpl.startActivator(Lorg/osgi/framework/BundleActivator;)V+9
j  org.eclipse.osgi.internal.framework.BundleContextImpl.start()V+134
j  org.eclipse.osgi.internal.framework.EquinoxBundle.startWorker0()V+35
j  org.eclipse.osgi.internal.framework.EquinoxBundle$EquinoxModule.startWorker()V+4
j  org.eclipse.osgi.container.Module.doStart([Lorg/eclipse/osgi/container/Module$StartOptions;)Lorg/eclipse/osgi/container/ModuleContainerAdaptor$ModuleEvent;+190
j  org.eclipse.osgi.container.Module.start([Lorg/eclipse/osgi/container/Module$StartOptions;)V+460
j  org.eclipse.osgi.container.ModuleContainer$ContainerStartLevel$2.run()V+71
j  org.eclipse.osgi.internal.framework.EquinoxContainerAdaptor$1$1.execute(Ljava/lang/Runnable;)V+1
j  org.eclipse.osgi.container.ModuleContainer$ContainerStartLevel.incStartLevel(ILjava/util/List;Z)V+192
j  org.eclipse.osgi.container.ModuleContainer$ContainerStartLevel.incStartLevel(ILjava/util/List;Ljava/util/List;Ljava/util/List;Ljava/util/List;)V+19
j  org.eclipse.osgi.container.ModuleContainer$ContainerStartLevel.doContainerStartLevel(Lorg/eclipse/osgi/container/Module;I[Lorg/osgi/framework/FrameworkListener;)V+349
j  org.eclipse.osgi.container.ModuleContainer$ContainerStartLevel.dispatchEvent(Lorg/eclipse/osgi/container/Module;[Lorg/osgi/framework/FrameworkListener;ILjava/lang/Integer;)V+32
j  org.eclipse.osgi.container.ModuleContainer$ContainerStartLevel.dispatchEvent(Ljava/lang/Object;Ljava/lang/Object;ILjava/lang/Object;)V+15
j  org.eclipse.osgi.framework.eventmgr.EventManager.dispatchEvent(Ljava/util/Set;Lorg/eclipse/osgi/framework/eventmgr/EventDispatcher;ILjava/lang/Object;)V+48
j  org.eclipse.osgi.framework.eventmgr.EventManager$EventThread.run()V+26
v  ~StubRoutines::call_stub

---------------  P R O C E S S  ---------------

Threads class SMR info:
_java_thread_list=0x000001cdfebc7920, length=23, elements={
0x000001cdf167e660, 0x000001cdfb0aea70, 0x000001cdfb0afdc0, 0x000001cdfb0cb430,
0x000001cdfb0cbef0, 0x000001cdfb0cd240, 0x000001cdfb0ce590, 0x000001cdfb0d57c0,
0x000001cdfb0d6260, 0x000001cdfb0e1bd0, 0x000001cdfd8d6930, 0x000001cdfda579b0,
0x000001cdfe288460, 0x000001cdfe266760, 0x000001cdfe672aa0, 0x000001cdfe7529c0,
0x000001cdfe5ffd90, 0x000001cdfe67f3f0, 0x000001cdfe809c10, 0x000001cdfe7bce50,
0x000001cdfea73820, 0x000001cdfe953850, 0x000001cdfe7bd7f0
}

Java Threads: ( => current thread )
  0x000001cdf167e660 JavaThread "main" [_thread_blocked, id=1856, stack(0x000000adf2a00000,0x000000adf2b00000)]
  0x000001cdfb0aea70 JavaThread "Reference Handler" daemon [_thread_blocked, id=14708, stack(0x000000adf2d00000,0x000000adf2e00000)]
  0x000001cdfb0afdc0 JavaThread "Finalizer" daemon [_thread_blocked, id=17932, stack(0x000000adf2e00000,0x000000adf2f00000)]
  0x000001cdfb0cb430 JavaThread "Signal Dispatcher" daemon [_thread_blocked, id=10900, stack(0x000000adf2f00000,0x000000adf3000000)]
  0x000001cdfb0cbef0 JavaThread "Attach Listener" daemon [_thread_blocked, id=14808, stack(0x000000adf3000000,0x000000adf3100000)]
  0x000001cdfb0cd240 JavaThread "Service Thread" daemon [_thread_blocked, id=16452, stack(0x000000adf3100000,0x000000adf3200000)]
  0x000001cdfb0ce590 JavaThread "Monitor Deflation Thread" daemon [_thread_blocked, id=12212, stack(0x000000adf3200000,0x000000adf3300000)]
  0x000001cdfb0d57c0 JavaThread "C2 CompilerThread0" daemon [_thread_blocked, id=9856, stack(0x000000adf3300000,0x000000adf3400000)]
  0x000001cdfb0d6260 JavaThread "C1 CompilerThread0" daemon [_thread_blocked, id=10712, stack(0x000000adf3400000,0x000000adf3500000)]
  0x000001cdfb0e1bd0 JavaThread "Sweeper thread" daemon [_thread_blocked, id=3008, stack(0x000000adf3500000,0x000000adf3600000)]
  0x000001cdfd8d6930 JavaThread "Common-Cleaner" daemon [_thread_blocked, id=11004, stack(0x000000adf3600000,0x000000adf3700000)]
  0x000001cdfda579b0 JavaThread "Notification Thread" daemon [_thread_blocked, id=19300, stack(0x000000adf3800000,0x000000adf3900000)]
  0x000001cdfe288460 JavaThread "Active Thread: Equinox Container: 4b58fcb5-0a1f-4449-9eea-8b9e7d40625e" [_thread_blocked, id=12088, stack(0x000000adf3a00000,0x000000adf3b00000)]
  0x000001cdfe266760 JavaThread "Framework Event Dispatcher: Equinox Container: 4b58fcb5-0a1f-4449-9eea-8b9e7d40625e" daemon [_thread_blocked, id=9956, stack(0x000000adf4100000,0x000000adf4200000)]
=>0x000001cdfe672aa0 JavaThread "Start Level: Equinox Container: 4b58fcb5-0a1f-4449-9eea-8b9e7d40625e" daemon [_thread_in_vm, id=8480, stack(0x000000adf4200000,0x000000adf4300000)]
  0x000001cdfe7529c0 JavaThread "SCR Component Actor" daemon [_thread_blocked, id=9556, stack(0x000000adf4300000,0x000000adf4400000)]
  0x000001cdfe5ffd90 JavaThread "SCR Component Registry" daemon [_thread_blocked, id=18096, stack(0x000000adf4500000,0x000000adf4600000)]
  0x000001cdfe67f3f0 JavaThread "Worker-JM" [_thread_blocked, id=5736, stack(0x000000adf4600000,0x000000adf4700000)]
  0x000001cdfe809c10 JavaThread "Worker-0" [_thread_blocked, id=18520, stack(0x000000adf4700000,0x000000adf4800000)]
  0x000001cdfe7bce50 JavaThread "Worker-1" [_thread_blocked, id=19036, stack(0x000000adf4800000,0x000000adf4900000)]
  0x000001cdfea73820 JavaThread "C2 CompilerThread1" daemon [_thread_blocked, id=19260, stack(0x000000adf3700000,0x000000adf3800000)]
  0x000001cdfe953850 JavaThread "C2 CompilerThread2" daemon [_thread_blocked, id=17448, stack(0x000000adf4900000,0x000000adf4a00000)]
  0x000001cdfe7bd7f0 JavaThread "JNA Cleaner" daemon [_thread_blocked, id=1264, stack(0x000000adf4a00000,0x000000adf4b00000)]

Other Threads:
  0x000001cdf174e950 VMThread "VM Thread" [stack: 0x000000adf2c00000,0x000000adf2d00000] [id=7856]
  0x000001cdfda58290 WatcherThread [stack: 0x000000adf3900000,0x000000adf3a00000] [id=18000]
  0x000001cdf1695210 GCTaskThread "GC Thread#0" [stack: 0x000000adf2b00000,0x000000adf2c00000] [id=7332]
  0x000001cdfe0f3020 GCTaskThread "GC Thread#1" [stack: 0x000000adf3b00000,0x000000adf3c00000] [id=6396]
  0x000001cdfde6a5f0 GCTaskThread "GC Thread#2" [stack: 0x000000adf3c00000,0x000000adf3d00000] [id=15680]
  0x000001cdfde6d030 GCTaskThread "GC Thread#3" [stack: 0x000000adf3d00000,0x000000adf3e00000] [id=15884]
  0x000001cdfe13e060 GCTaskThread "GC Thread#4" [stack: 0x000000adf3e00000,0x000000adf3f00000] [id=2044]
  0x000001cdfe3c9830 GCTaskThread "GC Thread#5" [stack: 0x000000adf3f00000,0x000000adf4000000] [id=17516]
  0x000001cdfe3c9ae0 GCTaskThread "GC Thread#6" [stack: 0x000000adf4000000,0x000000adf4100000] [id=12412]
  0x000001cdfe57c820 GCTaskThread "GC Thread#7" [stack: 0x000000adf4400000,0x000000adf4500000] [id=12792]

Threads with active compile tasks:

VM state: not at safepoint (normal execution)

VM Mutex/Monitor currently owned by a thread:  ([mutex/lock_event])
[0x000001cdef4f6880] Metaspace_lock - owner thread: 0x000001cdfe672aa0

Heap address: 0x00000000c0000000, size: 1024 MB, Compressed Oops mode: 32-bit

CDS archive(s) mapped at: [0x0000000800000000-0x0000000800bd0000-0x0000000800bd0000), size 12386304, SharedBaseAddress: 0x0000000800000000, ArchiveRelocationMode: 0.
Compressed class space mapped at: 0x0000000800c00000-0x0000000840c00000, reserved size: 1073741824
Narrow klass base: 0x0000000800000000, Narrow klass shift: 0, Narrow klass range: 0x100000000

GC Precious Log:
 CPUs: 8 total, 8 available
 Memory: 16072M
 Large Page Support: Disabled
 NUMA Support: Disabled
 Compressed Oops: Enabled (32-bit)
 Alignments: Space 512K, Generation 512K, Heap 2M
 Heap Min Capacity: 100M
 Heap Initial Capacity: 100M
 Heap Max Capacity: 1G
 Pre-touch: Disabled
 Parallel Workers: 8

Heap:
 PSYoungGen      total 29696K, used 13311K [0x00000000eab00000, 0x00000000ecd00000, 0x0000000100000000)
  eden space 25088K, 53% used [0x00000000eab00000,0x00000000eb7ffff0,0x00000000ec380000)
  from space 4608K, 0% used [0x00000000ec880000,0x00000000ec880000,0x00000000ecd00000)
  to   space 4608K, 0% used [0x00000000ec400000,0x00000000ec400000,0x00000000ec880000)
 ParOldGen       total 68608K, used 7740K [0x00000000c0000000, 0x00000000c4300000, 0x00000000eab00000)
  object space 68608K, 11% used [0x00000000c0000000,0x00000000c078f1c8,0x00000000c4300000)
 Metaspace       used 23049K, committed 23616K, reserved 1073152K
  class space    used 2178K, committed 2432K, reserved 1048576K

Card table byte_map: [0x000001cdf1060000,0x000001cdf1270000] _byte_map_base: 0x000001cdf0a60000

Marking Bits: (ParMarkBitMap*) 0x00007fff9a64fa60
 Begin Bits: [0x000001cdf8f00000, 0x000001cdf9f00000)
 End Bits:   [0x000001cdf9f00000, 0x000001cdfaf00000)

Polling page: 0x000001cdf0e50000

Metaspace:

Usage:
  Non-class:     20.38 MB used.
      Class:      2.13 MB used.
       Both:     22.51 MB used.

Virtual space:
  Non-class space:       24.00 MB reserved,      20.69 MB ( 86%) committed,  3 nodes.
      Class space:        1.00 GB reserved,       2.38 MB ( <1%) committed,  1 nodes.
             Both:        1.02 GB reserved,      23.06 MB (  2%) committed. 

Chunk freelists:
   Non-Class:  2.48 MB
       Class:  1.54 MB
        Both:  4.02 MB

MaxMetaspaceSize: unlimited
CompressedClassSpaceSize: 1.00 GB
Initial GC threshold: 21.00 MB
Current GC threshold: 35.00 MB
CDS: on
MetaspaceReclaimPolicy: balanced
 - commit_granule_bytes: 65536.
 - commit_granule_words: 8192.
 - virtual_space_node_default_size: 1048576.
 - enlarge_chunks_in_place: 1.
 - new_chunks_are_fully_committed: 0.
 - uncommit_free_chunks: 1.
 - use_allocation_guard: 0.
 - handle_deallocations: 1.


Internal statistics:

num_allocs_failed_limit: 3.
num_arena_births: 300.
num_arena_deaths: 14.
num_vsnodes_births: 4.
num_vsnodes_deaths: 0.
num_space_committed: 369.
num_space_uncommitted: 0.
num_chunks_returned_to_freelist: 17.
num_chunks_taken_from_freelist: 1099.
num_chunk_merges: 4.
num_chunk_splits: 745.
num_chunks_enlarged: 510.
num_purges: 2.
num_inconsistent_stats: 0.

CodeHeap 'non-profiled nmethods': size=120000Kb used=1065Kb max_used=1065Kb free=118934Kb
 bounds [0x000001cd87ad0000, 0x000001cd87d40000, 0x000001cd8f000000]
CodeHeap 'profiled nmethods': size=120000Kb used=5168Kb max_used=5168Kb free=114831Kb
 bounds [0x000001cd80000000, 0x000001cd80510000, 0x000001cd87530000]
CodeHeap 'non-nmethods': size=5760Kb used=1244Kb max_used=1272Kb free=4515Kb
 bounds [0x000001cd87530000, 0x000001cd877a0000, 0x000001cd87ad0000]
 total_blobs=3136 nmethods=2575 adapters=475
 compilation: enabled
              stopped_count=0, restarted_count=0
 full_count=0

Compilation events (20 events):
Event: 2.064 Thread 0x000001cdfb0d6260 2567       3       java.lang.Class$Atomic::casReflectionData (13 bytes)
Event: 2.064 Thread 0x000001cdfb0d6260 nmethod 2567 0x000001cd80508f10 code [0x000001cd805090a0, 0x000001cd805091b8]
Event: 2.065 Thread 0x000001cdfe953850 2568       4       java.util.concurrent.locks.ReentrantLock$Sync::tryRelease (51 bytes)
Event: 2.065 Thread 0x000001cdfea73820 2569       4       java.util.concurrent.locks.ReentrantLock$NonfairSync::initialTryLock (58 bytes)
Event: 2.065 Thread 0x000001cdfe953850 nmethod 2568 0x000001cd87bd9690 code [0x000001cd87bd9800, 0x000001cd87bd98d8]
Event: 2.066 Thread 0x000001cdfea73820 nmethod 2569 0x000001cd87bd9990 code [0x000001cd87bd9b00, 0x000001cd87bd9bf8]
Event: 2.066 Thread 0x000001cdfb0d6260 2570       3       jdk.internal.misc.VM::isSystemDomainLoader (17 bytes)
Event: 2.067 Thread 0x000001cdfb0d6260 nmethod 2570 0x000001cd80509290 code [0x000001cd805094e0, 0x000001cd80509fd8]
Event: 2.067 Thread 0x000001cdfea73820 2571       4       java.lang.Object::<init> (1 bytes)
Event: 2.068 Thread 0x000001cdfea73820 nmethod 2571 0x000001cd87bd9c90 code [0x000001cd87bd9e00, 0x000001cd87bd9eb8]
Event: 2.068 Thread 0x000001cdfb0d6260 2572       3       jdk.internal.org.objectweb.asm.Label::getCanonicalInstance (19 bytes)
Event: 2.068 Thread 0x000001cdfb0d6260 nmethod 2572 0x000001cd8050a390 code [0x000001cd8050a520, 0x000001cd8050a698]
Event: 2.068 Thread 0x000001cdfb0d6260 2573       3       jdk.internal.org.objectweb.asm.Frame::merge (317 bytes)
Event: 2.069 Thread 0x000001cdfb0d6260 nmethod 2573 0x000001cd8050a790 code [0x000001cd8050a9c0, 0x000001cd8050b348]
Event: 2.069 Thread 0x000001cdfb0d6260 2574       3       jdk.internal.org.objectweb.asm.SymbolTable::addConstantUtf8 (98 bytes)
Event: 2.069 Thread 0x000001cdfb0d6260 nmethod 2574 0x000001cd8050b590 code [0x000001cd8050b7c0, 0x000001cd8050bd98]
Event: 2.069 Thread 0x000001cdfb0d6260 2575       1       java.lang.reflect.Method::getReturnType (5 bytes)
Event: 2.069 Thread 0x000001cdfb0d6260 nmethod 2575 0x000001cd87bd9f90 code [0x000001cd87bda120, 0x000001cd87bda1f8]
Event: 2.069 Thread 0x000001cdfb0d6260 2576       1       java.lang.reflect.Method::getDeclaringClass (5 bytes)
Event: 2.069 Thread 0x000001cdfb0d6260 nmethod 2576 0x000001cd87bda290 code [0x000001cd87bda420, 0x000001cd87bda4f8]

GC Heap History (14 events):
Event: 0.492 GC heap before
{Heap before GC invocations=1 (full 0):
 PSYoungGen      total 29696K, used 25600K [0x00000000eab00000, 0x00000000ecc00000, 0x0000000100000000)
  eden space 25600K, 100% used [0x00000000eab00000,0x00000000ec400000,0x00000000ec400000)
  from space 4096K, 0% used [0x00000000ec800000,0x00000000ec800000,0x00000000ecc00000)
  to   space 4096K, 0% used [0x00000000ec400000,0x00000000ec400000,0x00000000ec800000)
 ParOldGen       total 68608K, used 0K [0x00000000c0000000, 0x00000000c4300000, 0x00000000eab00000)
  object space 68608K, 0% used [0x00000000c0000000,0x00000000c0000000,0x00000000c4300000)
 Metaspace       used 5018K, committed 5184K, reserved 1056768K
  class space    used 484K, committed 576K, reserved 1048576K
}
Event: 0.496 GC heap after
{Heap after GC invocations=1 (full 0):
 PSYoungGen      total 29696K, used 3156K [0x00000000eab00000, 0x00000000ecc00000, 0x0000000100000000)
  eden space 25600K, 0% used [0x00000000eab00000,0x00000000eab00000,0x00000000ec400000)
  from space 4096K, 77% used [0x00000000ec400000,0x00000000ec715160,0x00000000ec800000)
  to   space 4096K, 0% used [0x00000000ec800000,0x00000000ec800000,0x00000000ecc00000)
 ParOldGen       total 68608K, used 16K [0x00000000c0000000, 0x00000000c4300000, 0x00000000eab00000)
  object space 68608K, 0% used [0x00000000c0000000,0x00000000c0004000,0x00000000c4300000)
 Metaspace       used 5018K, committed 5184K, reserved 1056768K
  class space    used 484K, committed 576K, reserved 1048576K
}
Event: 0.788 GC heap before
{Heap before GC invocations=2 (full 0):
 PSYoungGen      total 29696K, used 28756K [0x00000000eab00000, 0x00000000ecc00000, 0x0000000100000000)
  eden space 25600K, 100% used [0x00000000eab00000,0x00000000ec400000,0x00000000ec400000)
  from space 4096K, 77% used [0x00000000ec400000,0x00000000ec715160,0x00000000ec800000)
  to   space 4096K, 0% used [0x00000000ec800000,0x00000000ec800000,0x00000000ecc00000)
 ParOldGen       total 68608K, used 16K [0x00000000c0000000, 0x00000000c4300000, 0x00000000eab00000)
  object space 68608K, 0% used [0x00000000c0000000,0x00000000c0004000,0x00000000c4300000)
 Metaspace       used 9197K, committed 9472K, reserved 1064960K
  class space    used 912K, committed 1088K, reserved 1048576K
}
Event: 0.791 GC heap after
{Heap after GC invocations=2 (full 0):
 PSYoungGen      total 29696K, used 4094K [0x00000000eab00000, 0x00000000ecc00000, 0x0000000100000000)
  eden space 25600K, 0% used [0x00000000eab00000,0x00000000eab00000,0x00000000ec400000)
  from space 4096K, 99% used [0x00000000ec800000,0x00000000ecbff9a0,0x00000000ecc00000)
  to   space 4096K, 0% used [0x00000000ec400000,0x00000000ec400000,0x00000000ec800000)
 ParOldGen       total 68608K, used 688K [0x00000000c0000000, 0x00000000c4300000, 0x00000000eab00000)
  object space 68608K, 1% used [0x00000000c0000000,0x00000000c00ac360,0x00000000c4300000)
 Metaspace       used 9197K, committed 9472K, reserved 1064960K
  class space    used 912K, committed 1088K, reserved 1048576K
}
Event: 1.066 GC heap before
{Heap before GC invocations=3 (full 0):
 PSYoungGen      total 29696K, used 29694K [0x00000000eab00000, 0x00000000ecc00000, 0x0000000100000000)
  eden space 25600K, 100% used [0x00000000eab00000,0x00000000ec400000,0x00000000ec400000)
  from space 4096K, 99% used [0x00000000ec800000,0x00000000ecbff9a0,0x00000000ecc00000)
  to   space 4096K, 0% used [0x00000000ec400000,0x00000000ec400000,0x00000000ec800000)
 ParOldGen       total 68608K, used 688K [0x00000000c0000000, 0x00000000c4300000, 0x00000000eab00000)
  object space 68608K, 1% used [0x00000000c0000000,0x00000000c00ac360,0x00000000c4300000)
 Metaspace       used 13797K, committed 14208K, reserved 1064960K
  class space    used 1376K, committed 1536K, reserved 1048576K
}
Event: 1.069 GC heap after
{Heap after GC invocations=3 (full 0):
 PSYoungGen      total 29696K, used 4085K [0x00000000eab00000, 0x00000000ecc00000, 0x0000000100000000)
  eden space 25600K, 0% used [0x00000000eab00000,0x00000000eab00000,0x00000000ec400000)
  from space 4096K, 99% used [0x00000000ec400000,0x00000000ec7fd650,0x00000000ec800000)
  to   space 4096K, 0% used [0x00000000ec800000,0x00000000ec800000,0x00000000ecc00000)
 ParOldGen       total 68608K, used 2450K [0x00000000c0000000, 0x00000000c4300000, 0x00000000eab00000)
  object space 68608K, 3% used [0x00000000c0000000,0x00000000c0264bd0,0x00000000c4300000)
 Metaspace       used 13797K, committed 14208K, reserved 1064960K
  class space    used 1376K, committed 1536K, reserved 1048576K
}
Event: 1.216 GC heap before
{Heap before GC invocations=4 (full 0):
 PSYoungGen      total 29696K, used 29685K [0x00000000eab00000, 0x00000000ecc00000, 0x0000000100000000)
  eden space 25600K, 100% used [0x00000000eab00000,0x00000000ec400000,0x00000000ec400000)
  from space 4096K, 99% used [0x00000000ec400000,0x00000000ec7fd650,0x00000000ec800000)
  to   space 4096K, 0% used [0x00000000ec800000,0x00000000ec800000,0x00000000ecc00000)
 ParOldGen       total 68608K, used 2450K [0x00000000c0000000, 0x00000000c4300000, 0x00000000eab00000)
  object space 68608K, 3% used [0x00000000c0000000,0x00000000c0264bd0,0x00000000c4300000)
 Metaspace       used 17286K, committed 17792K, reserved 1064960K
  class space    used 1636K, committed 1856K, reserved 1048576K
}
Event: 1.218 GC heap after
{Heap after GC invocations=4 (full 0):
 PSYoungGen      total 29696K, used 4094K [0x00000000eab00000, 0x00000000ecc00000, 0x0000000100000000)
  eden space 25600K, 0% used [0x00000000eab00000,0x00000000eab00000,0x00000000ec400000)
  from space 4096K, 99% used [0x00000000ec800000,0x00000000ecbffa10,0x00000000ecc00000)
  to   space 4096K, 0% used [0x00000000ec400000,0x00000000ec400000,0x00000000ec800000)
 ParOldGen       total 68608K, used 3068K [0x00000000c0000000, 0x00000000c4300000, 0x00000000eab00000)
  object space 68608K, 4% used [0x00000000c0000000,0x00000000c02ff378,0x00000000c4300000)
 Metaspace       used 17286K, committed 17792K, reserved 1064960K
  class space    used 1636K, committed 1856K, reserved 1048576K
}
Event: 1.339 GC heap before
{Heap before GC invocations=5 (full 0):
 PSYoungGen      total 29696K, used 29694K [0x00000000eab00000, 0x00000000ecc00000, 0x0000000100000000)
  eden space 25600K, 100% used [0x00000000eab00000,0x00000000ec400000,0x00000000ec400000)
  from space 4096K, 99% used [0x00000000ec800000,0x00000000ecbffa10,0x00000000ecc00000)
  to   space 4096K, 0% used [0x00000000ec400000,0x00000000ec400000,0x00000000ec800000)
 ParOldGen       total 68608K, used 3068K [0x00000000c0000000, 0x00000000c4300000, 0x00000000eab00000)
  object space 68608K, 4% used [0x00000000c0000000,0x00000000c02ff378,0x00000000c4300000)
 Metaspace       used 20136K, committed 20672K, reserved 1073152K
  class space    used 1854K, committed 2112K, reserved 1048576K
}
Event: 1.342 GC heap after
{Heap after GC invocations=5 (full 0):
 PSYoungGen      total 29184K, used 4091K [0x00000000eab00000, 0x00000000ecd80000, 0x0000000100000000)
  eden space 25088K, 0% used [0x00000000eab00000,0x00000000eab00000,0x00000000ec380000)
  from space 4096K, 99% used [0x00000000ec400000,0x00000000ec7fef40,0x00000000ec800000)
  to   space 5120K, 0% used [0x00000000ec880000,0x00000000ec880000,0x00000000ecd80000)
 ParOldGen       total 68608K, used 3537K [0x00000000c0000000, 0x00000000c4300000, 0x00000000eab00000)
  object space 68608K, 5% used [0x00000000c0000000,0x00000000c0374408,0x00000000c4300000)
 Metaspace       used 20136K, committed 20672K, reserved 1073152K
  class space    used 1854K, committed 2112K, reserved 1048576K
}
Event: 1.887 GC heap before
{Heap before GC invocations=6 (full 0):
 PSYoungGen      total 29184K, used 8283K [0x00000000eab00000, 0x00000000ecd80000, 0x0000000100000000)
  eden space 25088K, 16% used [0x00000000eab00000,0x00000000eaf18020,0x00000000ec380000)
  from space 4096K, 99% used [0x00000000ec400000,0x00000000ec7fef40,0x00000000ec800000)
  to   space 5120K, 0% used [0x00000000ec880000,0x00000000ec880000,0x00000000ecd80000)
 ParOldGen       total 68608K, used 3537K [0x00000000c0000000, 0x00000000c4300000, 0x00000000eab00000)
  object space 68608K, 5% used [0x00000000c0000000,0x00000000c0374408,0x00000000c4300000)
 Metaspace       used 20933K, committed 21504K, reserved 1073152K
  class space    used 1944K, committed 2176K, reserved 1048576K
}
Event: 1.889 GC heap after
{Heap after GC invocations=6 (full 0):
 PSYoungGen      total 29696K, used 4594K [0x00000000eab00000, 0x00000000ecd00000, 0x0000000100000000)
  eden space 25088K, 0% used [0x00000000eab00000,0x00000000eab00000,0x00000000ec380000)
  from space 4608K, 99% used [0x00000000ec880000,0x00000000eccfcad0,0x00000000ecd00000)
  to   space 4608K, 0% used [0x00000000ec400000,0x00000000ec400000,0x00000000ec880000)
 ParOldGen       total 68608K, used 3545K [0x00000000c0000000, 0x00000000c4300000, 0x00000000eab00000)
  object space 68608K, 5% used [0x00000000c0000000,0x00000000c0376408,0x00000000c4300000)
 Metaspace       used 20933K, committed 21504K, reserved 1073152K
  class space    used 1944K, committed 2176K, reserved 1048576K
}
Event: 1.889 GC heap before
{Heap before GC invocations=7 (full 1):
 PSYoungGen      total 29696K, used 4594K [0x00000000eab00000, 0x00000000ecd00000, 0x0000000100000000)
  eden space 25088K, 0% used [0x00000000eab00000,0x00000000eab00000,0x00000000ec380000)
  from space 4608K, 99% used [0x00000000ec880000,0x00000000eccfcad0,0x00000000ecd00000)
  to   space 4608K, 0% used [0x00000000ec400000,0x00000000ec400000,0x00000000ec880000)
 ParOldGen       total 68608K, used 3545K [0x00000000c0000000, 0x00000000c4300000, 0x00000000eab00000)
  object space 68608K, 5% used [0x00000000c0000000,0x00000000c0376408,0x00000000c4300000)
 Metaspace       used 20933K, committed 21504K, reserved 1073152K
  class space    used 1944K, committed 2176K, reserved 1048576K
}
Event: 1.902 GC heap after
{Heap after GC invocations=7 (full 1):
 PSYoungGen      total 29696K, used 0K [0x00000000eab00000, 0x00000000ecd00000, 0x0000000100000000)
  eden space 25088K, 0% used [0x00000000eab00000,0x00000000eab00000,0x00000000ec380000)
  from space 4608K, 0% used [0x00000000ec880000,0x00000000ec880000,0x00000000ecd00000)
  to   space 4608K, 0% used [0x00000000ec400000,0x00000000ec400000,0x00000000ec880000)
 ParOldGen       total 68608K, used 7740K [0x00000000c0000000, 0x00000000c4300000, 0x00000000eab00000)
  object space 68608K, 11% used [0x00000000c0000000,0x00000000c078f1c8,0x00000000c4300000)
 Metaspace       used 20920K, committed 21504K, reserved 1073152K
  class space    used 1940K, committed 2176K, reserved 1048576K
}

Deoptimization events (20 events):
Event: 1.373 Thread 0x000001cdfe672aa0 Uncommon trap: trap_request=0xffffffc6 fr.pc=0x000001cd87ba70c0 relative=0x0000000000000a80
Event: 1.373 Thread 0x000001cdfe672aa0 Uncommon trap: reason=bimorphic_or_optimized_type_check action=maybe_recompile pc=0x000001cd87ba70c0 method=java.util.HashMap.putVal(ILjava/lang/Object;Ljava/lang/Object;ZZ)Ljava/lang/Object; @ 56 c2
Event: 1.373 Thread 0x000001cdfe672aa0 DEOPT PACKING pc=0x000001cd87ba70c0 sp=0x000000adf42fdc00
Event: 1.373 Thread 0x000001cdfe672aa0 DEOPT UNPACKING pc=0x000001cd875820a3 sp=0x000000adf42fdb48 mode 2
Event: 1.373 Thread 0x000001cdfe672aa0 Uncommon trap: trap_request=0xffffffc6 fr.pc=0x000001cd87ba71b0 relative=0x0000000000000b70
Event: 1.373 Thread 0x000001cdfe672aa0 Uncommon trap: reason=bimorphic_or_optimized_type_check action=maybe_recompile pc=0x000001cd87ba71b0 method=java.util.HashMap.putVal(ILjava/lang/Object;Ljava/lang/Object;ZZ)Ljava/lang/Object; @ 152 c2
Event: 1.373 Thread 0x000001cdfe672aa0 DEOPT PACKING pc=0x000001cd87ba71b0 sp=0x000000adf42fdc00
Event: 1.373 Thread 0x000001cdfe672aa0 DEOPT UNPACKING pc=0x000001cd875820a3 sp=0x000000adf42fdb50 mode 2
Event: 1.373 Thread 0x000001cdfe672aa0 Uncommon trap: trap_request=0xffffffc6 fr.pc=0x000001cd87ba70c0 relative=0x0000000000000a80
Event: 1.373 Thread 0x000001cdfe672aa0 Uncommon trap: reason=bimorphic_or_optimized_type_check action=maybe_recompile pc=0x000001cd87ba70c0 method=java.util.HashMap.putVal(ILjava/lang/Object;Ljava/lang/Object;ZZ)Ljava/lang/Object; @ 56 c2
Event: 1.373 Thread 0x000001cdfe672aa0 DEOPT PACKING pc=0x000001cd87ba70c0 sp=0x000000adf42fdc00
Event: 1.373 Thread 0x000001cdfe672aa0 DEOPT UNPACKING pc=0x000001cd875820a3 sp=0x000000adf42fdb48 mode 2
Event: 2.043 Thread 0x000001cdfe672aa0 Uncommon trap: trap_request=0xffffff45 fr.pc=0x000001cd87b057c8 relative=0x00000000000005e8
Event: 2.043 Thread 0x000001cdfe672aa0 Uncommon trap: reason=unstable_if action=reinterpret pc=0x000001cd87b057c8 method=java.lang.String.replace(Ljava/lang/CharSequence;Ljava/lang/CharSequence;)Ljava/lang/String; @ 42 c2
Event: 2.043 Thread 0x000001cdfe672aa0 DEOPT PACKING pc=0x000001cd87b057c8 sp=0x000000adf42fb9e0
Event: 2.043 Thread 0x000001cdfe672aa0 DEOPT UNPACKING pc=0x000001cd875820a3 sp=0x000000adf42fb960 mode 2
Event: 2.068 Thread 0x000001cdfe672aa0 Uncommon trap: trap_request=0xffffff45 fr.pc=0x000001cd87b9108c relative=0x0000000000000c2c
Event: 2.068 Thread 0x000001cdfe672aa0 Uncommon trap: reason=unstable_if action=reinterpret pc=0x000001cd87b9108c method=jdk.internal.org.objectweb.asm.SymbolTable.put(Ljdk/internal/org/objectweb/asm/SymbolTable$Entry;)Ljdk/internal/org/objectweb/asm/SymbolTable$Entry; @ 13 c2
Event: 2.068 Thread 0x000001cdfe672aa0 DEOPT PACKING pc=0x000001cd87b9108c sp=0x000000adf42fbe50
Event: 2.068 Thread 0x000001cdfe672aa0 DEOPT UNPACKING pc=0x000001cd875820a3 sp=0x000000adf42fbd98 mode 2

Classes unloaded (7 events):
Event: 1.891 Thread 0x000001cdf174e950 Unloading class 0x0000000800d6a000 'java/lang/invoke/LambdaForm$MH+0x0000000800d6a000'
Event: 1.891 Thread 0x000001cdf174e950 Unloading class 0x0000000800d69c00 'java/lang/invoke/LambdaForm$MH+0x0000000800d69c00'
Event: 1.891 Thread 0x000001cdf174e950 Unloading class 0x0000000800d69800 'java/lang/invoke/LambdaForm$MH+0x0000000800d69800'
Event: 1.891 Thread 0x000001cdf174e950 Unloading class 0x0000000800d69400 'java/lang/invoke/LambdaForm$MH+0x0000000800d69400'
Event: 1.891 Thread 0x000001cdf174e950 Unloading class 0x0000000800d69000 'java/lang/invoke/LambdaForm$BMH+0x0000000800d69000'
Event: 1.891 Thread 0x000001cdf174e950 Unloading class 0x0000000800d68c00 'java/lang/invoke/LambdaForm$DMH+0x0000000800d68c00'
Event: 1.891 Thread 0x000001cdf174e950 Unloading class 0x0000000800d66000 'java/lang/invoke/LambdaForm$DMH+0x0000000800d66000'

Classes redefined (0 events):
No events

Internal exceptions (20 events):
Event: 1.080 Thread 0x000001cdfe672aa0 Exception <a 'java/lang/NoSuchMethodError'{0x00000000eac1a1d8}: 'java.lang.Object java.lang.invoke.Invokers$Holder.linkToTargetMethod(java.lang.Object, java.lang.Object, long, java.lang.Object)'> (0x00000000eac1a1d8) 
thrown [s\open\src\hotspot\share\interpreter\linkResolver.cpp, line 759]
Event: 1.085 Thread 0x000001cdfe672aa0 Exception <a 'java/lang/NoSuchMethodError'{0x00000000eac92210}: 'int java.lang.invoke.DirectMethodHandle$Holder.invokeStaticInit(java.lang.Object, java.lang.Object, java.lang.Object)'> (0x00000000eac92210) 
thrown [s\open\src\hotspot\share\interpreter\linkResolver.cpp, line 759]
Event: 1.088 Thread 0x000001cdfe672aa0 Exception <a 'java/lang/IncompatibleClassChangeError'{0x00000000ead1a728}: Found class java.lang.Object, but interface was expected> (0x00000000ead1a728) 
thrown [s\open\src\hotspot\share\interpreter\linkResolver.cpp, line 826]
Event: 1.091 Thread 0x000001cdfe672aa0 Exception <a 'java/lang/NoSuchMethodError'{0x00000000ead34460}: 'java.lang.Object java.lang.invoke.DirectMethodHandle$Holder.invokeSpecial(java.lang.Object, java.lang.Object, java.lang.Object, int, java.lang.Object, java.lang.Object)'> (0x00000000ead34460) 
thrown [s\open\src\hotspot\share\interpreter\linkResolver.cpp, line 759]
Event: 1.092 Thread 0x000001cdfe672aa0 Exception <a 'java/lang/NoSuchMethodError'{0x00000000ead3cbe8}: 'java.lang.Object java.lang.invoke.DirectMethodHandle$Holder.newInvokeSpecial(java.lang.Object, java.lang.Object, java.lang.Object, int, java.lang.Object)'> (0x00000000ead3cbe8) 
thrown [s\open\src\hotspot\share\interpreter\linkResolver.cpp, line 759]
Event: 1.092 Thread 0x000001cdfe672aa0 Exception <a 'java/lang/NoSuchMethodError'{0x00000000ead41040}: 'java.lang.Object java.lang.invoke.DirectMethodHandle$Holder.invokeSpecial(java.lang.Object, java.lang.Object, java.lang.Object, java.lang.Object, int, java.lang.Object)'> (0x00000000ead41040) 
thrown [s\open\src\hotspot\share\interpreter\linkResolver.cpp, line 759]
Event: 1.092 Thread 0x000001cdfe672aa0 Exception <a 'java/lang/NoSuchMethodError'{0x00000000ead44dd0}: 'java.lang.Object java.lang.invoke.Invokers$Holder.linkToTargetMethod(java.lang.Object, java.lang.Object, int, java.lang.Object, java.lang.Object)'> (0x00000000ead44dd0) 
thrown [s\open\src\hotspot\share\interpreter\linkResolver.cpp, line 759]
Event: 1.093 Thread 0x000001cdfe809c10 Exception <a 'java/lang/NoSuchMethodError'{0x00000000eac97bf0}: 'java.lang.Object java.lang.invoke.DirectMethodHandle$Holder.invokeSpecial(java.lang.Object, java.lang.Object, int, java.lang.Object, java.lang.Object)'> (0x00000000eac97bf0) 
thrown [s\open\src\hotspot\share\interpreter\linkResolver.cpp, line 759]
Event: 1.093 Thread 0x000001cdfe809c10 Exception <a 'java/lang/NoSuchMethodError'{0x00000000eac9f2c0}: 'java.lang.Object java.lang.invoke.DirectMethodHandle$Holder.newInvokeSpecial(java.lang.Object, java.lang.Object, int, java.lang.Object)'> (0x00000000eac9f2c0) 
thrown [s\open\src\hotspot\share\interpreter\linkResolver.cpp, line 759]
Event: 1.093 Thread 0x000001cdfe809c10 Exception <a 'java/lang/NoSuchMethodError'{0x00000000eaca2dd0}: 'java.lang.Object java.lang.invoke.DirectMethodHandle$Holder.invokeSpecial(java.lang.Object, java.lang.Object, java.lang.Object, int, java.lang.Object)'> (0x00000000eaca2dd0) 
thrown [s\open\src\hotspot\share\interpreter\linkResolver.cpp, line 759]
Event: 1.102 Thread 0x000001cdfe809c10 Exception <a 'java/io/FileNotFoundException'{0x00000000eaf0df38}> (0x00000000eaf0df38) 
thrown [s\open\src\hotspot\share\prims\jni.cpp, line 516]
Event: 1.347 Thread 0x000001cdfe672aa0 Exception <a 'java/lang/ClassNotFoundException'{0x00000000eabc0970}: com/sun/org/apache/xerces/internal/impl/msg/spi/DOMMessagesProvider> (0x00000000eabc0970) 
thrown [s\open\src\hotspot\share\classfile\systemDictionary.cpp, line 256]
Event: 1.348 Thread 0x000001cdfe672aa0 Implicit null exception at 0x000001cd87b85878 to 0x000001cd87b864f4
Event: 1.349 Thread 0x000001cdfe672aa0 Exception <a 'java/lang/ClassNotFoundException'{0x00000000eabf4708}: com/sun/org/apache/xerces/internal/impl/msg/spi/XMLSerializerMessagesProvider> (0x00000000eabf4708) 
thrown [s\open\src\hotspot\share\classfile\systemDictionary.cpp, line 256]
Event: 1.349 Thread 0x000001cdfe672aa0 Exception <a 'java/lang/ClassNotFoundException'{0x00000000eabff6b0}: com/sun/org/apache/xerces/internal/impl/msg/spi/XMLMessagesProvider> (0x00000000eabff6b0) 
thrown [s\open\src\hotspot\share\classfile\systemDictionary.cpp, line 256]
Event: 1.357 Thread 0x000001cdfe672aa0 Exception <a 'java/lang/NoSuchMethodError'{0x00000000eac8cec0}: 'void java.lang.invoke.DirectMethodHandle$Holder.invokeVirtual(java.lang.Object, java.lang.Object)'> (0x00000000eac8cec0) 
thrown [s\open\src\hotspot\share\interpreter\linkResolver.cpp, line 759]
Event: 1.903 Thread 0x000001cdfe672aa0 Exception <a 'java/lang/NoSuchMethodError'{0x00000000eab187c8}: 'java.lang.Object java.lang.invoke.DirectMethodHandle$Holder.invokeStaticInit(java.lang.Object, int, int, int, int)'> (0x00000000eab187c8) 
thrown [s\open\src\hotspot\share\interpreter\linkResolver.cpp, line 759]
Event: 1.929 Thread 0x000001cdfe672aa0 Exception <a 'java/lang/NoSuchMethodError'{0x00000000eac10328}: 'java.lang.Object java.lang.invoke.DirectMethodHandle$Holder.invokeStaticInit(java.lang.Object, java.lang.Object, int, int, int, int)'> (0x00000000eac10328) 
thrown [s\open\src\hotspot\share\interpreter\linkResolver.cpp, line 759]
Event: 1.965 Thread 0x000001cdfe672aa0 Exception <a 'java/lang/ClassNotFoundException'{0x00000000eafaf5e0}: com/sun/org/apache/xml/internal/serializer/spi/XMLEntitiesProvider> (0x00000000eafaf5e0) 
thrown [s\open\src\hotspot\share\classfile\systemDictionary.cpp, line 256]
Event: 2.029 Thread 0x000001cdfe672aa0 Exception <a 'java/io/FileNotFoundException'{0x00000000eb476ea0}> (0x00000000eb476ea0) 
thrown [s\open\src\hotspot\share\prims\jni.cpp, line 516]

VM Operations (20 events):
Event: 0.925 Executing VM operation: HandshakeAllThreads
Event: 0.925 Executing VM operation: HandshakeAllThreads done
Event: 0.986 Executing VM operation: HandshakeAllThreads
Event: 0.986 Executing VM operation: HandshakeAllThreads done
Event: 1.066 Executing VM operation: ParallelGCFailedAllocation
Event: 1.069 Executing VM operation: ParallelGCFailedAllocation done
Event: 1.098 Executing VM operation: HandshakeAllThreads
Event: 1.098 Executing VM operation: HandshakeAllThreads done
Event: 1.215 Executing VM operation: ParallelGCFailedAllocation
Event: 1.218 Executing VM operation: ParallelGCFailedAllocation done
Event: 1.231 Executing VM operation: HandshakeAllThreads
Event: 1.231 Executing VM operation: HandshakeAllThreads done
Event: 1.339 Executing VM operation: ParallelGCFailedAllocation
Event: 1.342 Executing VM operation: ParallelGCFailedAllocation done
Event: 1.372 Executing VM operation: HandshakeAllThreads
Event: 1.372 Executing VM operation: HandshakeAllThreads done
Event: 1.887 Executing VM operation: CollectForMetadataAllocation
Event: 1.902 Executing VM operation: CollectForMetadataAllocation done
Event: 2.065 Executing VM operation: HandshakeAllThreads
Event: 2.065 Executing VM operation: HandshakeAllThreads done

Events (20 events):
Event: 2.040 loading class jdk/internal/logger/LoggerFinderLoader
Event: 2.041 loading class jdk/internal/logger/LoggerFinderLoader done
Event: 2.041 loading class sun/util/logging/internal/LoggingProviderImpl$JULWrapper
Event: 2.041 loading class sun/util/logging/internal/LoggingProviderImpl$JULWrapper done
Event: 2.043 loading class java/io/File$TempDirectory
Event: 2.043 loading class java/io/File$TempDirectory done
Event: 2.055 Loaded shared library C:\Users\Aluno\AppData\Local\Temp\jna-63362251\jna12387259246317454076.dll
Event: 2.058 loading class java/nio/ShortBuffer
Event: 2.058 loading class java/nio/ShortBuffer done
Event: 2.058 loading class java/nio/FloatBuffer
Event: 2.058 loading class java/nio/FloatBuffer done
Event: 2.058 loading class java/nio/DoubleBuffer
Event: 2.058 loading class java/nio/DoubleBuffer done
Event: 2.059 loading class jdk/internal/loader/NativeLibraries$Unloader
Event: 2.059 loading class jdk/internal/loader/NativeLibraries$Unloader done
Event: 2.066 loading class java/io/PrintWriter
Event: 2.067 loading class java/io/PrintWriter done
Event: 2.067 Thread 0x000001cdfe7bd7f0 Thread added: 0x000001cdfe7bd7f0
Event: 2.069 loading class java/lang/reflect/UndeclaredThrowableException
Event: 2.069 loading class java/lang/reflect/UndeclaredThrowableException done


Dynamic libraries:
0x00007ff798fd0000 - 0x00007ff798fe0000 	C:\Program Files\Java\jdk-17\bin\java.exe
0x00007ffff1d90000 - 0x00007ffff1fa4000 	C:\WINDOWS\SYSTEM32\ntdll.dll
0x00007ffff0900000 - 0x00007ffff09c4000 	C:\WINDOWS\System32\KERNEL32.DLL
0x00007fffef170000 - 0x00007fffef514000 	C:\WINDOWS\System32\KERNELBASE.dll
0x00007fffef800000 - 0x00007fffef911000 	C:\WINDOWS\System32\ucrtbase.dll
0x00007fffdd0f0000 - 0x00007fffdd109000 	C:\Program Files\Java\jdk-17\bin\jli.dll
0x00007fffdd040000 - 0x00007fffdd05b000 	C:\Program Files\Java\jdk-17\bin\VCRUNTIME140.dll
0x00007ffff1b90000 - 0x00007ffff1c40000 	C:\WINDOWS\System32\ADVAPI32.dll
0x00007ffff15e0000 - 0x00007ffff1687000 	C:\WINDOWS\System32\msvcrt.dll
0x00007ffff0080000 - 0x00007ffff0126000 	C:\WINDOWS\System32\sechost.dll
0x00007ffff0370000 - 0x00007ffff0487000 	C:\WINDOWS\System32\RPCRT4.dll
0x00007ffff19e0000 - 0x00007ffff1b8a000 	C:\WINDOWS\System32\USER32.dll
0x00007fffef520000 - 0x00007fffef546000 	C:\WINDOWS\System32\win32u.dll
0x00007ffff0050000 - 0x00007ffff0079000 	C:\WINDOWS\System32\GDI32.dll
0x00007fffbb010000 - 0x00007fffbb29f000 	C:\WINDOWS\WinSxS\amd64_microsoft.windows.common-controls_6595b64144ccf1df_6.0.22621.2070_none_2713e6537381f706\COMCTL32.dll
0x00007fffef5d0000 - 0x00007fffef6e9000 	C:\WINDOWS\System32\gdi32full.dll
0x00007fffef760000 - 0x00007fffef7fa000 	C:\WINDOWS\System32\msvcp_win.dll
0x00007fffdc1e0000 - 0x00007fffdc1ea000 	C:\WINDOWS\SYSTEM32\VERSION.dll
0x00007ffff09d0000 - 0x00007ffff0a01000 	C:\WINDOWS\System32\IMM32.DLL
0x00007fffe8820000 - 0x00007fffe882c000 	C:\Program Files\Java\jdk-17\bin\vcruntime140_1.dll
0x00007fffaf400000 - 0x00007fffaf48e000 	C:\Program Files\Java\jdk-17\bin\msvcp140.dll
0x00007fff99b30000 - 0x00007fff9a70d000 	C:\Program Files\Java\jdk-17\bin\server\jvm.dll
0x00007ffff0310000 - 0x00007ffff0318000 	C:\WINDOWS\System32\PSAPI.DLL
0x00007fffd6590000 - 0x00007fffd6599000 	C:\WINDOWS\SYSTEM32\WSOCK32.dll
0x00007ffff0ba0000 - 0x00007ffff0c11000 	C:\WINDOWS\System32\WS2_32.dll
0x00007fffd9660000 - 0x00007fffd9694000 	C:\WINDOWS\SYSTEM32\WINMM.dll
0x00007fffee210000 - 0x00007fffee228000 	C:\WINDOWS\SYSTEM32\kernel.appcore.dll
0x00007fffddcf0000 - 0x00007fffddcfa000 	C:\Program Files\Java\jdk-17\bin\jimage.dll
0x00007fffeca80000 - 0x00007fffeccae000 	C:\WINDOWS\SYSTEM32\DBGHELP.DLL
0x00007ffff0570000 - 0x00007ffff08fa000 	C:\WINDOWS\System32\combase.dll
0x00007ffff0490000 - 0x00007ffff0567000 	C:\WINDOWS\System32\OLEAUT32.dll
0x00007fffd93d0000 - 0x00007fffd9402000 	C:\WINDOWS\SYSTEM32\dbgcore.DLL
0x00007fffef550000 - 0x00007fffef5ca000 	C:\WINDOWS\System32\bcryptPrimitives.dll
0x00007fffdd9d0000 - 0x00007fffdd9de000 	C:\Program Files\Java\jdk-17\bin\instrument.dll
0x00007fffdd010000 - 0x00007fffdd035000 	C:\Program Files\Java\jdk-17\bin\java.dll
0x00007fffaf320000 - 0x00007fffaf3f7000 	C:\Program Files\Java\jdk-17\bin\jsvml.dll
0x00007ffff0c20000 - 0x00007ffff1436000 	C:\WINDOWS\System32\SHELL32.dll
0x00007fffed100000 - 0x00007fffed9ea000 	C:\WINDOWS\SYSTEM32\windows.storage.dll
0x00007fffecfc0000 - 0x00007fffed0fe000 	C:\WINDOWS\SYSTEM32\wintypes.dll
0x00007ffff16a0000 - 0x00007ffff1793000 	C:\WINDOWS\System32\SHCORE.dll
0x00007fffefb50000 - 0x00007fffefbae000 	C:\WINDOWS\System32\shlwapi.dll
0x00007fffef0a0000 - 0x00007fffef0c6000 	C:\WINDOWS\SYSTEM32\profapi.dll
0x00007fffdc370000 - 0x00007fffdc388000 	C:\Program Files\Java\jdk-17\bin\zip.dll
0x00007fffdcff0000 - 0x00007fffdd009000 	C:\Program Files\Java\jdk-17\bin\net.dll
0x00007fffe8550000 - 0x00007fffe8687000 	C:\WINDOWS\SYSTEM32\WINHTTP.dll
0x00007fffee6d0000 - 0x00007fffee739000 	C:\WINDOWS\system32\mswsock.dll
0x00007fffdc3c0000 - 0x00007fffdc3d6000 	C:\Program Files\Java\jdk-17\bin\nio.dll
0x00007fffdd450000 - 0x00007fffdd460000 	C:\Program Files\Java\jdk-17\bin\verify.dll
0x00007fffc4330000 - 0x00007fffc436e000 	C:\Users\Aluno\AppData\Roaming\Code\User\globalStorage\redhat.java\1.21.0\config_ss_win\org.eclipse.equinox.launcher\org.eclipse.equinox.launcher.win32.win32.x86_64_1.2.700.v20221108-1024\eclipse_11801.dll
0x00007ffff1440000 - 0x00007ffff15dc000 	C:\WINDOWS\System32\ole32.dll
0x00007fffee9f0000 - 0x00007fffeea0b000 	C:\WINDOWS\SYSTEM32\CRYPTSP.dll
0x00007fffee1d0000 - 0x00007fffee205000 	C:\WINDOWS\system32\rsaenh.dll
0x00007fffee770000 - 0x00007fffee79c000 	C:\WINDOWS\SYSTEM32\USERENV.dll
0x00007fffeeb10000 - 0x00007fffeeb38000 	C:\WINDOWS\SYSTEM32\bcrypt.dll
0x00007fffee9d0000 - 0x00007fffee9dc000 	C:\WINDOWS\SYSTEM32\CRYPTBASE.dll
0x00007fffedd00000 - 0x00007fffedd2d000 	C:\WINDOWS\SYSTEM32\IPHLPAPI.DLL
0x00007ffff0b10000 - 0x00007ffff0b19000 	C:\WINDOWS\System32\NSI.dll
0x00007fffe8530000 - 0x00007fffe8549000 	C:\WINDOWS\SYSTEM32\dhcpcsvc6.DLL
0x00007fffe8330000 - 0x00007fffe834f000 	C:\WINDOWS\SYSTEM32\dhcpcsvc.DLL
0x00007fffedd30000 - 0x00007fffede23000 	C:\WINDOWS\SYSTEM32\DNSAPI.dll
0x00007fffc23b0000 - 0x00007fffc23f5000 	C:\Users\Aluno\AppData\Local\Temp\jna-63362251\jna12387259246317454076.dll

dbghelp: loaded successfully - version: 4.0.5 - missing functions: none
symbol engine: initialized successfully - sym options: 0x614 - pdb path: .;C:\Program Files\Java\jdk-17\bin;C:\WINDOWS\SYSTEM32;C:\WINDOWS\WinSxS\amd64_microsoft.windows.common-controls_6595b64144ccf1df_6.0.22621.2070_none_2713e6537381f706;C:\Program Files\Java\jdk-17\bin\server;C:\Users\Aluno\AppData\Roaming\Code\User\globalStorage\redhat.java\1.21.0\config_ss_win\org.eclipse.equinox.launcher\org.eclipse.equinox.launcher.win32.win32.x86_64_1.2.700.v20221108-1024;C:\Users\Aluno\AppData\Local\Temp\jna-63362251

VM Arguments:
jvm_args: --add-modules=ALL-SYSTEM --add-opens=java.base/java.util=ALL-UNNAMED --add-opens=java.base/java.lang=ALL-UNNAMED --add-opens=java.base/sun.nio.fs=ALL-UNNAMED -Declipse.application=org.eclipse.jdt.ls.core.id1 -Dosgi.bundles.defaultStartLevel=4 -Declipse.product=org.eclipse.jdt.ls.core.product -Djava.import.generatesMetadataFilesAtProjectRoot=false -Dfile.encoding=utf8 -XX:+UseParallelGC -XX:GCTimeRatio=4 -XX:AdaptiveSizePolicyWeight=90 -Dsun.zip.disableMemoryMapping=true -Xmx1G -Xms100m -Xlog:disable -javaagent:c:\Users\Aluno\.vscode\extensions\redhat.java-1.21.0\lombok\lombok-1.18.28.jar 
java_command: c:\Users\Aluno\.vscode\extensions\redhat.java-1.21.0\server\plugins\org.eclipse.equinox.launcher_1.6.500.v20230717-2134.jar -configuration c:\Users\Aluno\AppData\Roaming\Code\User\globalStorage\redhat.java\1.21.0\config_ss_win -data c:\Users\Aluno\AppData\Roaming\Code\User\workspaceStorage\1db7940c5e187e38a8077fbb54b70550\redhat.java\ss_ws
java_class_path (initial): c:\Users\Aluno\.vscode\extensions\redhat.java-1.21.0\server\plugins\org.eclipse.equinox.launcher_1.6.500.v20230717-2134.jar
Launcher Type: SUN_STANDARD

[Global flags]
    uintx AdaptiveSizePolicyWeight                 = 90                                        {product} {command line}
     intx CICompilerCount                          = 4                                         {product} {ergonomic}
    uintx GCTimeRatio                              = 4                                         {product} {command line}
   size_t InitialHeapSize                          = 104857600                                 {product} {command line}
   size_t MaxHeapSize                              = 1073741824                                {product} {command line}
   size_t MaxNewSize                               = 357564416                                 {product} {ergonomic}
   size_t MinHeapDeltaBytes                        = 524288                                    {product} {ergonomic}
   size_t MinHeapSize                              = 104857600                                 {product} {command line}
   size_t NewSize                                  = 34603008                                  {product} {ergonomic}
    uintx NonNMethodCodeHeapSize                   = 5839372                                {pd product} {ergonomic}
    uintx NonProfiledCodeHeapSize                  = 122909434                              {pd product} {ergonomic}
   size_t OldSize                                  = 70254592                                  {product} {ergonomic}
    uintx ProfiledCodeHeapSize                     = 122909434                              {pd product} {ergonomic}
    uintx ReservedCodeCacheSize                    = 251658240                              {pd product} {ergonomic}
     bool SegmentedCodeCache                       = true                                      {product} {ergonomic}
   size_t SoftMaxHeapSize                          = 1073741824                             {manageable} {ergonomic}
     bool UseCompressedClassPointers               = true                           {product lp64_product} {ergonomic}
     bool UseCompressedOops                        = true                           {product lp64_product} {ergonomic}
     bool UseLargePagesIndividualAllocation        = false                                  {pd product} {ergonomic}
     bool UseParallelGC                            = true                                      {product} {command line}

Logging:
Log output configuration:
 #0: stdout all=off uptime,level,tags
 #1: stderr all=off uptime,level,tags

Environment Variables:
PATH=C:\Python311\Scripts\;C:\Python311\;C:\Program Files\Common Files\Oracle\Java\javapath;C:\WINDOWS\system32;C:\WINDOWS;C:\WINDOWS\System32\Wbem;C:\WINDOWS\System32\WindowsPowerShell\v1.0\;C:\WINDOWS\System32\OpenSSH\;C:\Program Files\dotnet\;C:\Program Files\Microsoft SQL Server\130\Tools\Binn\;C:\Program Files\Amazon\AWSCLIV2\;C:\Program Files (x86)\Google\Cloud SDK\google-cloud-sdk\bin;C:\ProgramData\chocolatey\bin;C:\Windows\System32;C:\Program Files\Docker\Docker\resources\bin;C:\Program Files\Git\cmd;C:\Program Files\nodejs\;C:\Users\Aluno\AppData\Local\Microsoft\WindowsApps;;C:\Users\Aluno\AppData\Local\Programs\Microsoft VS Code\bin
USERNAME=Aluno
OS=Windows_NT
PROCESSOR_IDENTIFIER=Intel64 Family 6 Model 151 Stepping 5, GenuineIntel



---------------  S Y S T E M  ---------------

OS:
 Windows 11 , 64 bit Build 22621 (10.0.22621.2070)
OS uptime: 15 days 7:14 hours
Hyper-V role detected

CPU: total 8 (initial active 8) (4 cores per cpu, 2 threads per core) family 6 model 151 stepping 5 microcode 0x26, cx8, cmov, fxsr, ht, mmx, 3dnowpref, sse, sse2, sse3, ssse3, sse4.1, sse4.2, popcnt, lzcnt, tsc, tscinvbit, avx, avx2, aes, erms, clmul, bmi1, bmi2, adx, sha, fma, vzeroupper, clflush, clflushopt, clwb, hv

Memory: 4k page, system-wide physical 16072M (4582M free)
TotalPageFile size 46243M (AvailPageFile size 5M)
current process WorkingSet (physical memory assigned to process): 143M, peak: 143M
current process commit charge ("private bytes"): 253M, peak: 256M

vm_info: Java HotSpot(TM) 64-Bit Server VM (17.0.7+8-LTS-224) for windows-amd64 JRE (17.0.7+8-LTS-224), built on Feb 28 2023 23:03:02 by "mach5one" with MS VC++ 17.1 (VS2022)

END.
