#
# There is insufficient memory for the Java Runtime Environment to continue.
# Native memory allocation (malloc) failed to allocate 32744 bytes for ChunkPool::allocate
# Possible reasons:
#   The system is out of physical RAM or swap space
#   The process is running with CompressedOops enabled, and the Java Heap may be blocking the growth of the native heap
# Possible solutions:
#   Reduce memory load on the system
#   Increase physical memory or swap space
#   Check if swap backing store is full
#   Decrease Java heap size (-Xmx/-Xms)
#   Decrease number of Java threads
#   Decrease Java thread stack sizes (-Xss)
#   Set larger code cache with -XX:ReservedCodeCacheSize=
#   JVM is running with Unscaled Compressed Oops mode in which the Java heap is
#     placed in the first 4GB address space. The Java Heap base address is the
#     maximum limit for the native heap growth. Please use -XX:HeapBaseMinAddress
#     to set the Java Heap base and to place the Java Heap above 4GB virtual address.
# This output file may be truncated or incomplete.
#
#  Out of Memory Error (arena.cpp:78), pid=16568, tid=18472
#
# JRE version: Java(TM) SE Runtime Environment (17.0.7+8) (build 17.0.7+8-LTS-224)
# Java VM: Java HotSpot(TM) 64-Bit Server VM (17.0.7+8-LTS-224, mixed mode, sharing, tiered, compressed oops, compressed class ptrs, parallel gc, windows-amd64)
# No core dump will be written. Minidumps are not enabled by default on client versions of Windows
#

---------------  S U M M A R Y ------------

Command Line: --add-modules=ALL-SYSTEM --add-opens=java.base/java.util=ALL-UNNAMED --add-opens=java.base/java.lang=ALL-UNNAMED --add-opens=java.base/sun.nio.fs=ALL-UNNAMED -Declipse.application=org.eclipse.jdt.ls.core.id1 -Dosgi.bundles.defaultStartLevel=4 -Declipse.product=org.eclipse.jdt.ls.core.product -Djava.import.generatesMetadataFilesAtProjectRoot=false -Dfile.encoding=utf8 -XX:+UseParallelGC -XX:GCTimeRatio=4 -XX:AdaptiveSizePolicyWeight=90 -Dsun.zip.disableMemoryMapping=true -Xmx1G -Xms100m -Xlog:disable -javaagent:c:\Users\Aluno\.vscode\extensions\redhat.java-1.21.0\lombok\lombok-1.18.28.jar -XX:+HeapDumpOnOutOfMemoryError -XX:HeapDumpPath=c:\Users\Aluno\AppData\Roaming\Code\User\workspaceStorage\1db7940c5e187e38a8077fbb54b70550\redhat.java -Daether.dependencyCollector.impl=bf c:\Users\Aluno\.vscode\extensions\redhat.java-1.21.0\server\plugins\org.eclipse.equinox.launcher_1.6.500.v20230717-2134.jar -configuration c:\Users\Aluno\AppData\Roaming\Code\User\globalStorage\redhat.java\1.21.0\config_win -data c:\Users\Aluno\AppData\Roaming\Code\User\workspaceStorage\1db7940c5e187e38a8077fbb54b70550\redhat.java\jdt_ws

Host: 12th Gen Intel(R) Core(TM) i3-12100T, 8 cores, 15G,  Windows 11 , 64 bit Build 22621 (10.0.22621.2070)
Time: Fri Sep  1 14:48:16 2023 Hora Padrão de Buenos Aires elapsed time: 16.141360 seconds (0d 0h 0m 16s)

---------------  T H R E A D  ---------------

Current thread (0x000001d840bbe5c0):  JavaThread "C1 CompilerThread0" daemon [_thread_in_native, id=18472, stack(0x00000071e0a00000,0x00000071e0b00000)]


Current CompileTask:
C1:  16141 9800       3       org.eclipse.core.internal.registry.RegistryObjectManager::getHandle (72 bytes)

Stack: [0x00000071e0a00000,0x00000071e0b00000]
Native frames: (J=compiled Java code, j=interpreted, Vv=VM code, C=native code)
V  [jvm.dll+0x676a4a]
V  [jvm.dll+0x7d74f4]
V  [jvm.dll+0x7d8c9e]
V  [jvm.dll+0x7d9303]
V  [jvm.dll+0x2452c5]
V  [jvm.dll+0xaac80]
V  [jvm.dll+0xaafcc]
V  [jvm.dll+0xb66ed]
V  [jvm.dll+0x15f142]
V  [jvm.dll+0x15d47e]
V  [jvm.dll+0x14b6c0]
V  [jvm.dll+0x134817]
V  [jvm.dll+0x1341af]
V  [jvm.dll+0x1343e8]
V  [jvm.dll+0x133881]
V  [jvm.dll+0x13552d]
V  [jvm.dll+0x226a6e]
V  [jvm.dll+0x224e15]
V  [jvm.dll+0x78d05c]
V  [jvm.dll+0x78759a]
V  [jvm.dll+0x675875]
C  [ucrtbase.dll+0x29363]
C  [KERNEL32.DLL+0x126ad]
C  [ntdll.dll+0x5aa68]


---------------  P R O C E S S  ---------------

Threads class SMR info:
_java_thread_list=0x000001d849c2b700, length=37, elements={
0x000001d82816d370, 0x000001d840b9d300, 0x000001d840b9f660, 0x000001d840bb5ba0,
0x000001d840bb7760, 0x000001d840bb8ab0, 0x000001d840bbbc10, 0x000001d840bc8ee0,
0x000001d840bbe5c0, 0x000001d840bbf750, 0x000001d82822bc40, 0x000001d8435fed40,
0x000001d843d421c0, 0x000001d84443d110, 0x000001d843f0ca30, 0x000001d84412f030,
0x000001d8445c78c0, 0x000001d844666f90, 0x000001d844889570, 0x000001d844886080,
0x000001d844886ef0, 0x000001d844886a20, 0x000001d844888230, 0x000001d8448873c0,
0x000001d844889a40, 0x000001d844886550, 0x000001d844887890, 0x000001d8467a9610,
0x000001d8467a3aa0, 0x000001d8467a82d0, 0x000001d8467ab2f0, 0x000001d8467a9ae0,
0x000001d8467a5780, 0x000001d8467a4910, 0x000001d8467aae20, 0x000001d8467a6120,
0x000001d8467a87a0
}

Java Threads: ( => current thread )
  0x000001d82816d370 JavaThread "main" [_thread_blocked, id=19072, stack(0x00000071e0000000,0x00000071e0100000)]
  0x000001d840b9d300 JavaThread "Reference Handler" daemon [_thread_blocked, id=15312, stack(0x00000071e0300000,0x00000071e0400000)]
  0x000001d840b9f660 JavaThread "Finalizer" daemon [_thread_blocked, id=3348, stack(0x00000071e0400000,0x00000071e0500000)]
  0x000001d840bb5ba0 JavaThread "Signal Dispatcher" daemon [_thread_blocked, id=9112, stack(0x00000071e0500000,0x00000071e0600000)]
  0x000001d840bb7760 JavaThread "Attach Listener" daemon [_thread_blocked, id=2340, stack(0x00000071e0600000,0x00000071e0700000)]
  0x000001d840bb8ab0 JavaThread "Service Thread" daemon [_thread_blocked, id=14528, stack(0x00000071e0700000,0x00000071e0800000)]
  0x000001d840bbbc10 JavaThread "Monitor Deflation Thread" daemon [_thread_blocked, id=7356, stack(0x00000071e0800000,0x00000071e0900000)]
  0x000001d840bc8ee0 JavaThread "C2 CompilerThread0" daemon [_thread_in_native, id=9228, stack(0x00000071e0900000,0x00000071e0a00000)]
=>0x000001d840bbe5c0 JavaThread "C1 CompilerThread0" daemon [_thread_in_native, id=18472, stack(0x00000071e0a00000,0x00000071e0b00000)]
  0x000001d840bbf750 JavaThread "Sweeper thread" daemon [_thread_blocked, id=8544, stack(0x00000071e0b00000,0x00000071e0c00000)]
  0x000001d82822bc40 JavaThread "Common-Cleaner" daemon [_thread_blocked, id=1940, stack(0x00000071e0c00000,0x00000071e0d00000)]
  0x000001d8435fed40 JavaThread "Notification Thread" daemon [_thread_blocked, id=16884, stack(0x00000071e0e00000,0x00000071e0f00000)]
  0x000001d843d421c0 JavaThread "Active Thread: Equinox Container: eb1e633b-e90c-4ce7-a439-892514eb71ad" [_thread_blocked, id=3572, stack(0x00000071e1700000,0x00000071e1800000)]
  0x000001d84443d110 JavaThread "Framework Event Dispatcher: Equinox Container: eb1e633b-e90c-4ce7-a439-892514eb71ad" daemon [_thread_blocked, id=1464, stack(0x00000071e1800000,0x00000071e1900000)]
  0x000001d843f0ca30 JavaThread "Start Level: Equinox Container: eb1e633b-e90c-4ce7-a439-892514eb71ad" daemon [_thread_blocked, id=6764, stack(0x00000071e1900000,0x00000071e1a00000)]
  0x000001d84412f030 JavaThread "SCR Component Actor" daemon [_thread_blocked, id=9612, stack(0x00000071e1a00000,0x00000071e1b00000)]
  0x000001d8445c78c0 JavaThread "Bundle File Closer" daemon [_thread_blocked, id=8196, stack(0x00000071e1d00000,0x00000071e1e00000)]
  0x000001d844666f90 JavaThread "Worker-JM" [_thread_blocked, id=12984, stack(0x00000071e1e00000,0x00000071e1f00000)]
  0x000001d844889570 JavaThread "Worker-0" [_thread_blocked, id=11000, stack(0x00000071e1f00000,0x00000071e2000000)]
  0x000001d844886080 JavaThread "Worker-1" [_thread_blocked, id=11744, stack(0x00000071e2000000,0x00000071e2100000)]
  0x000001d844886ef0 JavaThread "Java indexing" daemon [_thread_in_native, id=18728, stack(0x00000071e2100000,0x00000071e2200000)]
  0x000001d844886a20 JavaThread "JNA Cleaner" daemon [_thread_blocked, id=1888, stack(0x00000071e2200000,0x00000071e2300000)]
  0x000001d844888230 JavaThread "Worker-2" [_thread_blocked, id=17508, stack(0x00000071e2500000,0x00000071e2600000)]
  0x000001d8448873c0 JavaThread "Worker-3" [_thread_blocked, id=20084, stack(0x00000071e2600000,0x00000071e2700000)]
  0x000001d844889a40 JavaThread "pool-2-thread-1" [_thread_blocked, id=11288, stack(0x00000071e2700000,0x00000071e2800000)]
  0x000001d844886550 JavaThread "WorkspaceEventsHandler" [_thread_blocked, id=15116, stack(0x00000071e2800000,0x00000071e2900000)]
  0x000001d844887890 JavaThread "pool-1-thread-1" [_thread_in_native, id=18964, stack(0x00000071e2900000,0x00000071e2a00000)]
  0x000001d8467a9610 JavaThread "Worker-4: Java indexing... " [_thread_blocked, id=3048, stack(0x00000071e3200000,0x00000071e3300000)]
  0x000001d8467a3aa0 JavaThread "Worker-5: Initialize workspace" [_thread_in_native, id=8268, stack(0x00000071e3300000,0x00000071e3400000)]
  0x000001d8467a82d0 JavaThread "ForkJoinPool.commonPool-worker-1" daemon [_thread_blocked, id=956, stack(0x00000071e3400000,0x00000071e3500000)]
  0x000001d8467ab2f0 JavaThread "Worker-6" [_thread_blocked, id=9644, stack(0x00000071e3500000,0x00000071e3600000)]
  0x000001d8467a9ae0 JavaThread "Worker-7" [_thread_blocked, id=13076, stack(0x00000071e3600000,0x00000071e3700000)]
  0x000001d8467a5780 JavaThread "Worker-8" [_thread_blocked, id=14784, stack(0x00000071e3700000,0x00000071e3800000)]
  0x000001d8467a4910 JavaThread "ForkJoinPool.commonPool-worker-2" daemon [_thread_blocked, id=20164, stack(0x00000071e0d00000,0x00000071e0e00000)]
  0x000001d8467aae20 JavaThread "ForkJoinPool.commonPool-worker-3" daemon [_thread_blocked, id=19956, stack(0x00000071e1000000,0x00000071e1100000)]
  0x000001d8467a6120 JavaThread "ForkJoinPool.commonPool-worker-4" daemon [_thread_blocked, id=9284, stack(0x00000071e1c00000,0x00000071e1d00000)]
  0x000001d8467a87a0 JavaThread "SCR Component Registry" daemon [_thread_blocked, id=3824, stack(0x00000071e2a00000,0x00000071e2b00000)]

Other Threads:
  0x000001d82823eb90 VMThread "VM Thread" [stack: 0x00000071e0200000,0x00000071e0300000] [id=7740]
  0x000001d8435fdd30 WatcherThread [stack: 0x00000071e0f00000,0x00000071e1000000] [id=19120]
  0x000001d828183a20 GCTaskThread "GC Thread#0" [stack: 0x00000071e0100000,0x00000071e0200000] [id=8344]
  0x000001d843cc0040 GCTaskThread "GC Thread#1" [stack: 0x00000071e1100000,0x00000071e1200000] [id=5584]
  0x000001d843cc0700 GCTaskThread "GC Thread#2" [stack: 0x00000071e1200000,0x00000071e1300000] [id=11216]
  0x000001d843c6b3e0 GCTaskThread "GC Thread#3" [stack: 0x00000071e1300000,0x00000071e1400000] [id=14280]
  0x000001d843c6b690 GCTaskThread "GC Thread#4" [stack: 0x00000071e1400000,0x00000071e1500000] [id=14488]
  0x000001d843c6b940 GCTaskThread "GC Thread#5" [stack: 0x00000071e1500000,0x00000071e1600000] [id=13888]
  0x000001d843c6bbf0 GCTaskThread "GC Thread#6" [stack: 0x00000071e1600000,0x00000071e1700000] [id=14652]
  0x000001d843f69a00 GCTaskThread "GC Thread#7" [stack: 0x00000071e1b00000,0x00000071e1c00000] [id=5956]

Threads with active compile tasks:
C2 CompilerThread0    16152 9796       4       com.google.gson.stream.JsonWriter::string (169 bytes)
C1 CompilerThread0    16152 9800       3       org.eclipse.core.internal.registry.RegistryObjectManager::getHandle (72 bytes)

VM state: not at safepoint (normal execution)

VM Mutex/Monitor currently owned by a thread: None

Heap address: 0x00000000c0000000, size: 1024 MB, Compressed Oops mode: 32-bit

CDS archive(s) mapped at: [0x0000000800000000-0x0000000800bd0000-0x0000000800bd0000), size 12386304, SharedBaseAddress: 0x0000000800000000, ArchiveRelocationMode: 0.
Compressed class space mapped at: 0x0000000800c00000-0x0000000840c00000, reserved size: 1073741824
Narrow klass base: 0x0000000800000000, Narrow klass shift: 0, Narrow klass range: 0x100000000

GC Precious Log:
 CPUs: 8 total, 8 available
 Memory: 16072M
 Large Page Support: Disabled
 NUMA Support: Disabled
 Compressed Oops: Enabled (32-bit)
 Alignments: Space 512K, Generation 512K, Heap 2M
 Heap Min Capacity: 100M
 Heap Initial Capacity: 100M
 Heap Max Capacity: 1G
 Pre-touch: Disabled
 Parallel Workers: 8

Heap:
 PSYoungGen      total 15360K, used 13253K [0x00000000eab00000, 0x00000000ebe80000, 0x0000000100000000)
  eden space 12288K, 82% used [0x00000000eab00000,0x00000000eb4f1d68,0x00000000eb700000)
  from space 3072K, 99% used [0x00000000ebb80000,0x00000000ebe7f7a0,0x00000000ebe80000)
  to   space 3584K, 0% used [0x00000000eb700000,0x00000000eb700000,0x00000000eba80000)
 ParOldGen       total 699392K, used 255773K [0x00000000c0000000, 0x00000000eab00000, 0x00000000eab00000)
  object space 699392K, 36% used [0x00000000c0000000,0x00000000cf9c7638,0x00000000eab00000)
 Metaspace       used 57494K, committed 58752K, reserved 1105920K
  class space    used 6160K, committed 6720K, reserved 1048576K

Card table byte_map: [0x000001d827b20000,0x000001d827d30000] _byte_map_base: 0x000001d827520000

Marking Bits: (ParMarkBitMap*) 0x00007fffa1bdfa60
 Begin Bits: [0x000001d83e9f0000, 0x000001d83f9f0000)
 End Bits:   [0x000001d83f9f0000, 0x000001d8409f0000)

Polling page: 0x000001d826120000

Metaspace:

Usage:
  Non-class:     50.13 MB used.
      Class:      6.02 MB used.
       Both:     56.15 MB used.

Virtual space:
  Non-class space:       56.00 MB reserved,      50.81 MB ( 91%) committed,  7 nodes.
      Class space:        1.00 GB reserved,       6.56 MB ( <1%) committed,  1 nodes.
             Both:        1.05 GB reserved,      57.38 MB (  5%) committed. 

Chunk freelists:
   Non-Class:  320.00 KB
       Class:  1.38 MB
        Both:  1.69 MB

MaxMetaspaceSize: unlimited
CompressedClassSpaceSize: 1.00 GB
Initial GC threshold: 21.00 MB
Current GC threshold: 94.94 MB
CDS: on
MetaspaceReclaimPolicy: balanced
 - commit_granule_bytes: 65536.
 - commit_granule_words: 8192.
 - virtual_space_node_default_size: 1048576.
 - enlarge_chunks_in_place: 1.
 - new_chunks_are_fully_committed: 0.
 - uncommit_free_chunks: 1.
 - use_allocation_guard: 0.
 - handle_deallocations: 1.


Internal statistics:

num_allocs_failed_limit: 6.
num_arena_births: 790.
num_arena_deaths: 22.
num_vsnodes_births: 8.
num_vsnodes_deaths: 0.
num_space_committed: 918.
num_space_uncommitted: 0.
num_chunks_returned_to_freelist: 32.
num_chunks_taken_from_freelist: 3292.
num_chunk_merges: 14.
num_chunk_splits: 2126.
num_chunks_enlarged: 1354.
num_purges: 4.
num_inconsistent_stats: 0.

CodeHeap 'non-profiled nmethods': size=120000Kb used=5805Kb max_used=5805Kb free=114194Kb
 bounds [0x000001d8374c0000, 0x000001d837a70000, 0x000001d83e9f0000]
CodeHeap 'profiled nmethods': size=120000Kb used=16839Kb max_used=17282Kb free=103160Kb
 bounds [0x000001d82f9f0000, 0x000001d830af0000, 0x000001d836f20000]
CodeHeap 'non-nmethods': size=5760Kb used=1339Kb max_used=1412Kb free=4421Kb
 bounds [0x000001d836f20000, 0x000001d837190000, 0x000001d8374c0000]
 total_blobs=8921 nmethods=8241 adapters=594
 compilation: enabled
              stopped_count=0, restarted_count=0
 full_count=0

Compilation events (20 events):
Event: 16.130 Thread 0x000001d840bbe5c0 9789       3       org.eclipse.core.runtime.Path::toOSString (228 bytes)
Event: 16.130 Thread 0x000001d840bc8ee0 9791       4       org.eclipse.core.runtime.Path::computeSegmentCount (86 bytes)
Event: 16.130 Thread 0x000001d840bbe5c0 nmethod 9789 0x000001d83084da90 code [0x000001d83084dce0, 0x000001d83084e768]
Event: 16.130 Thread 0x000001d840bbe5c0 9790       3       org.eclipse.core.runtime.Path::computeLength (98 bytes)
Event: 16.130 Thread 0x000001d840bbe5c0 nmethod 9790 0x000001d8300fb710 code [0x000001d8300fb8e0, 0x000001d8300fbe38]
Event: 16.130 Thread 0x000001d840bbe5c0 9794       3       java.util.ImmutableCollections$Set12::<init> (20 bytes)
Event: 16.131 Thread 0x000001d840bbe5c0 nmethod 9794 0x000001d830940310 code [0x000001d8309404e0, 0x000001d830940908]
Event: 16.131 Thread 0x000001d840bbe5c0 9795       3       java.lang.invoke.MethodHandles::insertArguments (98 bytes)
Event: 16.133 Thread 0x000001d840bbe5c0 nmethod 9795 0x000001d82faa9610 code [0x000001d82faa9880, 0x000001d82faaa388]
Event: 16.133 Thread 0x000001d840bbe5c0 9792       1       org.eclipse.core.internal.resources.Workspace::getAliasManager (5 bytes)
Event: 16.133 Thread 0x000001d840bbe5c0 nmethod 9792 0x000001d837a6a490 code [0x000001d837a6a620, 0x000001d837a6a6f8]
Event: 16.134 Thread 0x000001d840bbe5c0 9797       3       com.google.gson.stream.JsonWriter::open (19 bytes)
Event: 16.134 Thread 0x000001d840bbe5c0 nmethod 9797 0x000001d82fb61d90 code [0x000001d82fb61f40, 0x000001d82fb621a8]
Event: 16.134 Thread 0x000001d840bbe5c0 9798       3       com.google.gson.stream.JsonWriter::close (95 bytes)
Event: 16.134 Thread 0x000001d840bc8ee0 nmethod 9791 0x000001d837a6a790 code [0x000001d837a6a940, 0x000001d837a6ae38]
Event: 16.134 Thread 0x000001d840bc8ee0 9793       4       java.util.regex.Pattern::append (43 bytes)
Event: 16.134 Thread 0x000001d840bbe5c0 nmethod 9798 0x000001d83000c590 code [0x000001d83000c820, 0x000001d83000d2f8]
Event: 16.135 Thread 0x000001d840bc8ee0 nmethod 9793 0x000001d837a6b190 code [0x000001d837a6b320, 0x000001d837a6b4a8]
Event: 16.135 Thread 0x000001d840bc8ee0 9796       4       com.google.gson.stream.JsonWriter::string (169 bytes)
Event: 16.140 Thread 0x000001d840bbe5c0 9800       3       org.eclipse.core.internal.registry.RegistryObjectManager::getHandle (72 bytes)

GC Heap History (20 events):
Event: 15.710 GC heap before
{Heap before GC invocations=308 (full 136):
 PSYoungGen      total 15872K, used 12287K [0x00000000eab00000, 0x00000000ebe80000, 0x0000000100000000)
  eden space 12288K, 99% used [0x00000000eab00000,0x00000000eb6fffc0,0x00000000eb700000)
  from space 3584K, 0% used [0x00000000eb700000,0x00000000eb700000,0x00000000eba80000)
  to   space 3072K, 0% used [0x00000000ebb80000,0x00000000ebb80000,0x00000000ebe80000)
 ParOldGen       total 239104K, used 238785K [0x00000000c0000000, 0x00000000ce980000, 0x00000000eab00000)
  object space 239104K, 99% used [0x00000000c0000000,0x00000000ce930578,0x00000000ce980000)
 Metaspace       used 57088K, committed 58368K, reserved 1105920K
  class space    used 6109K, committed 6720K, reserved 1048576K
}
Event: 15.759 GC heap after
{Heap after GC invocations=308 (full 136):
 PSYoungGen      total 15360K, used 12287K [0x00000000eab00000, 0x00000000ebe80000, 0x0000000100000000)
  eden space 12288K, 99% used [0x00000000eab00000,0x00000000eb6ffdf0,0x00000000eb700000)
  from space 3072K, 0% used [0x00000000ebb80000,0x00000000ebb80000,0x00000000ebe80000)
  to   space 3584K, 0% used [0x00000000eb700000,0x00000000eb700000,0x00000000eba80000)
 ParOldGen       total 239104K, used 238785K [0x00000000c0000000, 0x00000000ce980000, 0x00000000eab00000)
  object space 239104K, 99% used [0x00000000c0000000,0x00000000ce930500,0x00000000ce980000)
 Metaspace       used 57088K, committed 58368K, reserved 1105920K
  class space    used 6109K, committed 6720K, reserved 1048576K
}
Event: 15.759 GC heap before
{Heap before GC invocations=309 (full 137):
 PSYoungGen      total 15360K, used 12288K [0x00000000eab00000, 0x00000000ebe80000, 0x0000000100000000)
  eden space 12288K, 100% used [0x00000000eab00000,0x00000000eb700000,0x00000000eb700000)
  from space 3072K, 0% used [0x00000000ebb80000,0x00000000ebb80000,0x00000000ebe80000)
  to   space 3584K, 0% used [0x00000000eb700000,0x00000000eb700000,0x00000000eba80000)
 ParOldGen       total 239104K, used 238790K [0x00000000c0000000, 0x00000000ce980000, 0x00000000eab00000)
  object space 239104K, 99% used [0x00000000c0000000,0x00000000ce931a28,0x00000000ce980000)
 Metaspace       used 57088K, committed 58368K, reserved 1105920K
  class space    used 6109K, committed 6720K, reserved 1048576K
}
Event: 15.808 GC heap after
{Heap after GC invocations=309 (full 137):
 PSYoungGen      total 15872K, used 12287K [0x00000000eab00000, 0x00000000ebe80000, 0x0000000100000000)
  eden space 12288K, 99% used [0x00000000eab00000,0x00000000eb6ffd70,0x00000000eb700000)
  from space 3584K, 0% used [0x00000000eb700000,0x00000000eb700000,0x00000000eba80000)
  to   space 3072K, 0% used [0x00000000ebb80000,0x00000000ebb80000,0x00000000ebe80000)
 ParOldGen       total 239104K, used 238788K [0x00000000c0000000, 0x00000000ce980000, 0x00000000eab00000)
  object space 239104K, 99% used [0x00000000c0000000,0x00000000ce931328,0x00000000ce980000)
 Metaspace       used 57088K, committed 58368K, reserved 1105920K
  class space    used 6109K, committed 6720K, reserved 1048576K
}
Event: 15.808 GC heap before
{Heap before GC invocations=310 (full 138):
 PSYoungGen      total 15872K, used 12287K [0x00000000eab00000, 0x00000000ebe80000, 0x0000000100000000)
  eden space 12288K, 99% used [0x00000000eab00000,0x00000000eb6fffe8,0x00000000eb700000)
  from space 3584K, 0% used [0x00000000eb700000,0x00000000eb700000,0x00000000eba80000)
  to   space 3072K, 0% used [0x00000000ebb80000,0x00000000ebb80000,0x00000000ebe80000)
 ParOldGen       total 239104K, used 238788K [0x00000000c0000000, 0x00000000ce980000, 0x00000000eab00000)
  object space 239104K, 99% used [0x00000000c0000000,0x00000000ce931328,0x00000000ce980000)
 Metaspace       used 57088K, committed 58368K, reserved 1105920K
  class space    used 6109K, committed 6720K, reserved 1048576K
}
Event: 15.859 GC heap after
{Heap after GC invocations=310 (full 138):
 PSYoungGen      total 15360K, used 12285K [0x00000000eab00000, 0x00000000ebe80000, 0x0000000100000000)
  eden space 12288K, 99% used [0x00000000eab00000,0x00000000eb6ff7e0,0x00000000eb700000)
  from space 3072K, 0% used [0x00000000ebb80000,0x00000000ebb80000,0x00000000ebe80000)
  to   space 3584K, 0% used [0x00000000eb700000,0x00000000eb700000,0x00000000eba80000)
 ParOldGen       total 239104K, used 238785K [0x00000000c0000000, 0x00000000ce980000, 0x00000000eab00000)
  object space 239104K, 99% used [0x00000000c0000000,0x00000000ce930740,0x00000000ce980000)
 Metaspace       used 57088K, committed 58368K, reserved 1105920K
  class space    used 6109K, committed 6720K, reserved 1048576K
}
Event: 15.859 GC heap before
{Heap before GC invocations=311 (full 139):
 PSYoungGen      total 15360K, used 12287K [0x00000000eab00000, 0x00000000ebe80000, 0x0000000100000000)
  eden space 12288K, 99% used [0x00000000eab00000,0x00000000eb6fffe0,0x00000000eb700000)
  from space 3072K, 0% used [0x00000000ebb80000,0x00000000ebb80000,0x00000000ebe80000)
  to   space 3584K, 0% used [0x00000000eb700000,0x00000000eb700000,0x00000000eba80000)
 ParOldGen       total 239104K, used 238785K [0x00000000c0000000, 0x00000000ce980000, 0x00000000eab00000)
  object space 239104K, 99% used [0x00000000c0000000,0x00000000ce930740,0x00000000ce980000)
 Metaspace       used 57088K, committed 58368K, reserved 1105920K
  class space    used 6109K, committed 6720K, reserved 1048576K
}
Event: 15.908 GC heap after
{Heap after GC invocations=311 (full 139):
 PSYoungGen      total 15872K, used 12286K [0x00000000eab00000, 0x00000000ebe80000, 0x0000000100000000)
  eden space 12288K, 99% used [0x00000000eab00000,0x00000000eb6ff810,0x00000000eb700000)
  from space 3584K, 0% used [0x00000000eb700000,0x00000000eb700000,0x00000000eba80000)
  to   space 3072K, 0% used [0x00000000ebb80000,0x00000000ebb80000,0x00000000ebe80000)
 ParOldGen       total 239104K, used 238785K [0x00000000c0000000, 0x00000000ce980000, 0x00000000eab00000)
  object space 239104K, 99% used [0x00000000c0000000,0x00000000ce930740,0x00000000ce980000)
 Metaspace       used 57088K, committed 58368K, reserved 1105920K
  class space    used 6109K, committed 6720K, reserved 1048576K
}
Event: 15.909 GC heap before
{Heap before GC invocations=312 (full 140):
 PSYoungGen      total 15872K, used 12288K [0x00000000eab00000, 0x00000000ebe80000, 0x0000000100000000)
  eden space 12288K, 100% used [0x00000000eab00000,0x00000000eb700000,0x00000000eb700000)
  from space 3584K, 0% used [0x00000000eb700000,0x00000000eb700000,0x00000000eba80000)
  to   space 3072K, 0% used [0x00000000ebb80000,0x00000000ebb80000,0x00000000ebe80000)
 ParOldGen       total 239104K, used 238785K [0x00000000c0000000, 0x00000000ce980000, 0x00000000eab00000)
  object space 239104K, 99% used [0x00000000c0000000,0x00000000ce930740,0x00000000ce980000)
 Metaspace       used 57088K, committed 58368K, reserved 1105920K
  class space    used 6109K, committed 6720K, reserved 1048576K
}
Event: 15.957 GC heap after
{Heap after GC invocations=312 (full 140):
 PSYoungGen      total 15360K, used 12286K [0x00000000eab00000, 0x00000000ebe80000, 0x0000000100000000)
  eden space 12288K, 99% used [0x00000000eab00000,0x00000000eb6ff808,0x00000000eb700000)
  from space 3072K, 0% used [0x00000000ebb80000,0x00000000ebb80000,0x00000000ebe80000)
  to   space 3584K, 0% used [0x00000000eb700000,0x00000000eb700000,0x00000000eba80000)
 ParOldGen       total 239104K, used 238785K [0x00000000c0000000, 0x00000000ce980000, 0x00000000eab00000)
  object space 239104K, 99% used [0x00000000c0000000,0x00000000ce930740,0x00000000ce980000)
 Metaspace       used 57088K, committed 58368K, reserved 1105920K
  class space    used 6109K, committed 6720K, reserved 1048576K
}
Event: 15.957 GC heap before
{Heap before GC invocations=313 (full 141):
 PSYoungGen      total 15360K, used 12287K [0x00000000eab00000, 0x00000000ebe80000, 0x0000000100000000)
  eden space 12288K, 99% used [0x00000000eab00000,0x00000000eb6ffff8,0x00000000eb700000)
  from space 3072K, 0% used [0x00000000ebb80000,0x00000000ebb80000,0x00000000ebe80000)
  to   space 3584K, 0% used [0x00000000eb700000,0x00000000eb700000,0x00000000eba80000)
 ParOldGen       total 239104K, used 238785K [0x00000000c0000000, 0x00000000ce980000, 0x00000000eab00000)
  object space 239104K, 99% used [0x00000000c0000000,0x00000000ce930740,0x00000000ce980000)
 Metaspace       used 57088K, committed 58368K, reserved 1105920K
  class space    used 6109K, committed 6720K, reserved 1048576K
}
Event: 16.007 GC heap after
{Heap after GC invocations=313 (full 141):
 PSYoungGen      total 15872K, used 12286K [0x00000000eab00000, 0x00000000ebe80000, 0x0000000100000000)
  eden space 12288K, 99% used [0x00000000eab00000,0x00000000eb6ff888,0x00000000eb700000)
  from space 3584K, 0% used [0x00000000eb700000,0x00000000eb700000,0x00000000eba80000)
  to   space 3072K, 0% used [0x00000000ebb80000,0x00000000ebb80000,0x00000000ebe80000)
 ParOldGen       total 239104K, used 238785K [0x00000000c0000000, 0x00000000ce980000, 0x00000000eab00000)
  object space 239104K, 99% used [0x00000000c0000000,0x00000000ce930740,0x00000000ce980000)
 Metaspace       used 57088K, committed 58368K, reserved 1105920K
  class space    used 6109K, committed 6720K, reserved 1048576K
}
Event: 16.007 GC heap before
{Heap before GC invocations=314 (full 142):
 PSYoungGen      total 15872K, used 12287K [0x00000000eab00000, 0x00000000ebe80000, 0x0000000100000000)
  eden space 12288K, 99% used [0x00000000eab00000,0x00000000eb6ffff8,0x00000000eb700000)
  from space 3584K, 0% used [0x00000000eb700000,0x00000000eb700000,0x00000000eba80000)
  to   space 3072K, 0% used [0x00000000ebb80000,0x00000000ebb80000,0x00000000ebe80000)
 ParOldGen       total 239104K, used 238785K [0x00000000c0000000, 0x00000000ce980000, 0x00000000eab00000)
  object space 239104K, 99% used [0x00000000c0000000,0x00000000ce930740,0x00000000ce980000)
 Metaspace       used 57088K, committed 58368K, reserved 1105920K
  class space    used 6109K, committed 6720K, reserved 1048576K
}
Event: 16.058 GC heap after
{Heap after GC invocations=314 (full 142):
 PSYoungGen      total 15360K, used 12286K [0x00000000eab00000, 0x00000000ebe80000, 0x0000000100000000)
  eden space 12288K, 99% used [0x00000000eab00000,0x00000000eb6ff988,0x00000000eb700000)
  from space 3072K, 0% used [0x00000000ebb80000,0x00000000ebb80000,0x00000000ebe80000)
  to   space 3584K, 0% used [0x00000000eb700000,0x00000000eb700000,0x00000000eba80000)
 ParOldGen       total 239104K, used 238785K [0x00000000c0000000, 0x00000000ce980000, 0x00000000eab00000)
  object space 239104K, 99% used [0x00000000c0000000,0x00000000ce930740,0x00000000ce980000)
 Metaspace       used 57088K, committed 58368K, reserved 1105920K
  class space    used 6109K, committed 6720K, reserved 1048576K
}
Event: 16.058 GC heap before
{Heap before GC invocations=315 (full 143):
 PSYoungGen      total 15360K, used 12287K [0x00000000eab00000, 0x00000000ebe80000, 0x0000000100000000)
  eden space 12288K, 99% used [0x00000000eab00000,0x00000000eb6ffff8,0x00000000eb700000)
  from space 3072K, 0% used [0x00000000ebb80000,0x00000000ebb80000,0x00000000ebe80000)
  to   space 3584K, 0% used [0x00000000eb700000,0x00000000eb700000,0x00000000eba80000)
 ParOldGen       total 239104K, used 238785K [0x00000000c0000000, 0x00000000ce980000, 0x00000000eab00000)
  object space 239104K, 99% used [0x00000000c0000000,0x00000000ce930740,0x00000000ce980000)
 Metaspace       used 57088K, committed 58368K, reserved 1105920K
  class space    used 6109K, committed 6720K, reserved 1048576K
}
Event: 16.109 GC heap after
{Heap after GC invocations=315 (full 143):
 PSYoungGen      total 15872K, used 12286K [0x00000000eab00000, 0x00000000ebe80000, 0x0000000100000000)
  eden space 12288K, 99% used [0x00000000eab00000,0x00000000eb6ff9c0,0x00000000eb700000)
  from space 3584K, 0% used [0x00000000eb700000,0x00000000eb700000,0x00000000eba80000)
  to   space 3072K, 0% used [0x00000000ebb80000,0x00000000ebb80000,0x00000000ebe80000)
 ParOldGen       total 699392K, used 238785K [0x00000000c0000000, 0x00000000eab00000, 0x00000000eab00000)
  object space 699392K, 34% used [0x00000000c0000000,0x00000000ce930740,0x00000000eab00000)
 Metaspace       used 57088K, committed 58368K, reserved 1105920K
  class space    used 6109K, committed 6720K, reserved 1048576K
}
Event: 16.109 GC heap before
{Heap before GC invocations=316 (full 143):
 PSYoungGen      total 15872K, used 12287K [0x00000000eab00000, 0x00000000ebe80000, 0x0000000100000000)
  eden space 12288K, 99% used [0x00000000eab00000,0x00000000eb6fff38,0x00000000eb700000)
  from space 3584K, 0% used [0x00000000eb700000,0x00000000eb700000,0x00000000eba80000)
  to   space 3072K, 0% used [0x00000000ebb80000,0x00000000ebb80000,0x00000000ebe80000)
 ParOldGen       total 699392K, used 238785K [0x00000000c0000000, 0x00000000eab00000, 0x00000000eab00000)
  object space 699392K, 34% used [0x00000000c0000000,0x00000000ce930740,0x00000000eab00000)
 Metaspace       used 57088K, committed 58368K, reserved 1105920K
  class space    used 6109K, committed 6720K, reserved 1048576K
}
Event: 16.117 GC heap after
{Heap after GC invocations=316 (full 143):
 PSYoungGen      total 15360K, used 3062K [0x00000000eab00000, 0x00000000ebe80000, 0x0000000100000000)
  eden space 12288K, 0% used [0x00000000eab00000,0x00000000eab00000,0x00000000eb700000)
  from space 3072K, 99% used [0x00000000ebb80000,0x00000000ebe7d820,0x00000000ebe80000)
  to   space 3584K, 0% used [0x00000000eb700000,0x00000000eb700000,0x00000000eba80000)
 ParOldGen       total 699392K, used 248369K [0x00000000c0000000, 0x00000000eab00000, 0x00000000eab00000)
  object space 699392K, 35% used [0x00000000c0000000,0x00000000cf28c4d0,0x00000000eab00000)
 Metaspace       used 57088K, committed 58368K, reserved 1105920K
  class space    used 6109K, committed 6720K, reserved 1048576K
}
Event: 16.131 GC heap before
{Heap before GC invocations=317 (full 143):
 PSYoungGen      total 15360K, used 15350K [0x00000000eab00000, 0x00000000ebe80000, 0x0000000100000000)
  eden space 12288K, 99% used [0x00000000eab00000,0x00000000eb6ffff8,0x00000000eb700000)
  from space 3072K, 99% used [0x00000000ebb80000,0x00000000ebe7d820,0x00000000ebe80000)
  to   space 3584K, 0% used [0x00000000eb700000,0x00000000eb700000,0x00000000eba80000)
 ParOldGen       total 699392K, used 248369K [0x00000000c0000000, 0x00000000eab00000, 0x00000000eab00000)
  object space 699392K, 35% used [0x00000000c0000000,0x00000000cf28c4d0,0x00000000eab00000)
 Metaspace       used 57373K, committed 58688K, reserved 1105920K
  class space    used 6143K, committed 6720K, reserved 1048576K
}
Event: 16.133 GC heap after
{Heap after GC invocations=317 (full 143):
 PSYoungGen      total 15872K, used 3336K [0x00000000eab00000, 0x00000000ebe80000, 0x0000000100000000)
  eden space 12288K, 0% used [0x00000000eab00000,0x00000000eab00000,0x00000000eb700000)
  from space 3584K, 93% used [0x00000000eb700000,0x00000000eba423b0,0x00000000eba80000)
  to   space 3072K, 0% used [0x00000000ebb80000,0x00000000ebb80000,0x00000000ebe80000)
 ParOldGen       total 699392K, used 251360K [0x00000000c0000000, 0x00000000eab00000, 0x00000000eab00000)
  object space 699392K, 35% used [0x00000000c0000000,0x00000000cf5781b8,0x00000000eab00000)
 Metaspace       used 57373K, committed 58688K, reserved 1105920K
  class space    used 6143K, committed 6720K, reserved 1048576K
}

Deoptimization events (20 events):
Event: 13.479 Thread 0x000001d8467aae20 DEOPT PACKING pc=0x000001d8375417f0 sp=0x00000071e31fe3e0
Event: 13.479 Thread 0x000001d8467aae20 DEOPT UNPACKING pc=0x000001d836f720a3 sp=0x00000071e31fe358 mode 2
Event: 13.532 Thread 0x000001d844887d60 DEOPT PACKING pc=0x000001d8375417f0 sp=0x00000071e2cfe6a0
Event: 13.532 Thread 0x000001d844887d60 DEOPT UNPACKING pc=0x000001d836f720a3 sp=0x00000071e2cfe618 mode 2
Event: 16.127 Thread 0x000001d8467aae20 Uncommon trap: trap_request=0xffffff45 fr.pc=0x000001d8376e3618 relative=0x0000000000000e18
Event: 16.127 Thread 0x000001d8467a82d0 Uncommon trap: trap_request=0xffffff45 fr.pc=0x000001d8376e3618 relative=0x0000000000000e18
Event: 16.127 Thread 0x000001d8467aae20 Uncommon trap: reason=unstable_if action=reinterpret pc=0x000001d8376e3618 method=org.eclipse.core.runtime.Path.computeLength()I @ 90 c2
Event: 16.127 Thread 0x000001d8467a82d0 Uncommon trap: reason=unstable_if action=reinterpret pc=0x000001d8376e3618 method=org.eclipse.core.runtime.Path.computeLength()I @ 90 c2
Event: 16.127 Thread 0x000001d8467aae20 DEOPT PACKING pc=0x000001d8376e3618 sp=0x00000071e10fe6a0
Event: 16.127 Thread 0x000001d8467a82d0 DEOPT PACKING pc=0x000001d8376e3618 sp=0x00000071e34fe830
Event: 16.127 Thread 0x000001d8467aae20 DEOPT UNPACKING pc=0x000001d836f720a3 sp=0x00000071e10fe5f0 mode 2
Event: 16.127 Thread 0x000001d8467a82d0 DEOPT UNPACKING pc=0x000001d836f720a3 sp=0x00000071e34fe780 mode 2
Event: 16.129 Thread 0x000001d8467a82d0 Uncommon trap: trap_request=0xffffff45 fr.pc=0x000001d8379590a4 relative=0x0000000000000384
Event: 16.129 Thread 0x000001d8467a82d0 Uncommon trap: reason=unstable_if action=reinterpret pc=0x000001d8379590a4 method=org.eclipse.core.runtime.Path.equals(Ljava/lang/Object;)Z @ 115 c2
Event: 16.129 Thread 0x000001d8467aae20 Uncommon trap: trap_request=0xffffff45 fr.pc=0x000001d8378e6b44 relative=0x00000000000001a4
Event: 16.129 Thread 0x000001d8467aae20 Uncommon trap: reason=unstable_if action=reinterpret pc=0x000001d8378e6b44 method=org.eclipse.core.runtime.Path.computeLength()I @ 90 c2
Event: 16.129 Thread 0x000001d8467a82d0 DEOPT PACKING pc=0x000001d8379590a4 sp=0x00000071e34fea90
Event: 16.129 Thread 0x000001d8467aae20 DEOPT PACKING pc=0x000001d8378e6b44 sp=0x00000071e10fe8d0
Event: 16.129 Thread 0x000001d8467a82d0 DEOPT UNPACKING pc=0x000001d836f720a3 sp=0x00000071e34fea38 mode 2
Event: 16.129 Thread 0x000001d8467aae20 DEOPT UNPACKING pc=0x000001d836f720a3 sp=0x00000071e10fe858 mode 2

Classes unloaded (11 events):
Event: 1.821 Thread 0x000001d82823eb90 Unloading class 0x0000000800d76000 'java/lang/invoke/LambdaForm$MH+0x0000000800d76000'
Event: 1.821 Thread 0x000001d82823eb90 Unloading class 0x0000000800d75c00 'java/lang/invoke/LambdaForm$MH+0x0000000800d75c00'
Event: 1.821 Thread 0x000001d82823eb90 Unloading class 0x0000000800d75800 'java/lang/invoke/LambdaForm$MH+0x0000000800d75800'
Event: 1.821 Thread 0x000001d82823eb90 Unloading class 0x0000000800d75400 'java/lang/invoke/LambdaForm$MH+0x0000000800d75400'
Event: 1.821 Thread 0x000001d82823eb90 Unloading class 0x0000000800d75000 'java/lang/invoke/LambdaForm$BMH+0x0000000800d75000'
Event: 1.821 Thread 0x000001d82823eb90 Unloading class 0x0000000800d74c00 'java/lang/invoke/LambdaForm$DMH+0x0000000800d74c00'
Event: 1.821 Thread 0x000001d82823eb90 Unloading class 0x0000000800d72000 'java/lang/invoke/LambdaForm$DMH+0x0000000800d72000'
Event: 6.037 Thread 0x000001d82823eb90 Unloading class 0x0000000801135800 'java/lang/invoke/LambdaForm$DMH+0x0000000801135800'
Event: 6.037 Thread 0x000001d82823eb90 Unloading class 0x0000000801135400 'java/lang/invoke/LambdaForm$DMH+0x0000000801135400'
Event: 6.037 Thread 0x000001d82823eb90 Unloading class 0x0000000801135000 'java/lang/invoke/LambdaForm$DMH+0x0000000801135000'
Event: 6.037 Thread 0x000001d82823eb90 Unloading class 0x0000000801134c00 'java/lang/invoke/LambdaForm$DMH+0x0000000801134c00'

Classes redefined (0 events):
No events

Internal exceptions (20 events):
Event: 5.887 Thread 0x000001d8467a82d0 Exception <a 'sun/nio/fs/WindowsException'{0x00000000eb27a668}> (0x00000000eb27a668) 
thrown [s\open\src\hotspot\share\prims\jni.cpp, line 516]
Event: 5.889 Thread 0x000001d8467a82d0 Exception <a 'sun/nio/fs/WindowsException'{0x00000000eb318e68}> (0x00000000eb318e68) 
thrown [s\open\src\hotspot\share\prims\jni.cpp, line 516]
Event: 5.890 Thread 0x000001d8467a82d0 Exception <a 'sun/nio/fs/WindowsException'{0x00000000eb31fe50}> (0x00000000eb31fe50) 
thrown [s\open\src\hotspot\share\prims\jni.cpp, line 516]
Event: 5.891 Thread 0x000001d8467a82d0 Exception <a 'sun/nio/fs/WindowsException'{0x00000000eb327678}> (0x00000000eb327678) 
thrown [s\open\src\hotspot\share\prims\jni.cpp, line 516]
Event: 5.893 Thread 0x000001d8467a82d0 Exception <a 'sun/nio/fs/WindowsException'{0x00000000eb32f778}> (0x00000000eb32f778) 
thrown [s\open\src\hotspot\share\prims\jni.cpp, line 516]
Event: 6.571 Thread 0x000001d844886ef0 Implicit null exception at 0x000001d8379f30e4 to 0x000001d8379f792c
Event: 6.620 Thread 0x000001d8467a65f0 Exception <a 'java/lang/NoSuchMethodError'{0x00000000eb526670}: 'int java.lang.invoke.DirectMethodHandle$Holder.invokeStatic(java.lang.Object, int, java.lang.Object)'> (0x00000000eb526670) 
thrown [s\open\src\hotspot\share\interpreter\linkResolver.cpp, line 759]
Event: 6.662 Thread 0x000001d8467a82d0 Exception <a 'sun/nio/fs/WindowsException'{0x00000000eb3a0cf8}> (0x00000000eb3a0cf8) 
thrown [s\open\src\hotspot\share\prims\jni.cpp, line 516]
Event: 6.681 Thread 0x000001d8467a82d0 Exception <a 'sun/nio/fs/WindowsException'{0x00000000eae7b600}> (0x00000000eae7b600) 
thrown [s\open\src\hotspot\share\prims\jni.cpp, line 516]
Event: 6.681 Thread 0x000001d8467a82d0 Exception <a 'sun/nio/fs/WindowsException'{0x00000000eae7c168}> (0x00000000eae7c168) 
thrown [s\open\src\hotspot\share\prims\jni.cpp, line 516]
Event: 6.681 Thread 0x000001d8467a82d0 Exception <a 'sun/nio/fs/WindowsException'{0x00000000eaed77c8}> (0x00000000eaed77c8) 
thrown [s\open\src\hotspot\share\prims\jni.cpp, line 516]
Event: 6.681 Thread 0x000001d8467a82d0 Exception <a 'sun/nio/fs/WindowsException'{0x00000000eaed83a0}> (0x00000000eaed83a0) 
thrown [s\open\src\hotspot\share\prims\jni.cpp, line 516]
Event: 6.684 Thread 0x000001d8467a82d0 Exception <a 'sun/nio/fs/WindowsException'{0x00000000eaf0c938}> (0x00000000eaf0c938) 
thrown [s\open\src\hotspot\share\prims\jni.cpp, line 516]
Event: 6.685 Thread 0x000001d8467a82d0 Exception <a 'sun/nio/fs/WindowsException'{0x00000000eaf453f8}> (0x00000000eaf453f8) 
thrown [s\open\src\hotspot\share\prims\jni.cpp, line 516]
Event: 6.686 Thread 0x000001d8467a82d0 Exception <a 'sun/nio/fs/WindowsException'{0x00000000eaf7f2e0}> (0x00000000eaf7f2e0) 
thrown [s\open\src\hotspot\share\prims\jni.cpp, line 516]
Event: 6.688 Thread 0x000001d8467a82d0 Exception <a 'sun/nio/fs/WindowsException'{0x00000000eafb50a0}> (0x00000000eafb50a0) 
thrown [s\open\src\hotspot\share\prims\jni.cpp, line 516]
Event: 6.759 Thread 0x000001d8467a82d0 Exception <a 'sun/nio/fs/WindowsException'{0x00000000eac37e30}> (0x00000000eac37e30) 
thrown [s\open\src\hotspot\share\prims\jni.cpp, line 516]
Event: 6.767 Thread 0x000001d8467a82d0 Exception <a 'java/lang/NoSuchMethodError'{0x00000000eae178a8}: 'java.lang.Object java.lang.invoke.DirectMethodHandle$Holder.newInvokeSpecial(java.lang.Object, java.lang.Object, int, java.lang.Object, java.lang.Object)'> (0x00000000eae178a8) 
thrown [s\open\src\hotspot\share\interpreter\linkResolver.cpp, line 759]
Event: 13.422 Thread 0x000001d8467a4910 Implicit null exception at 0x000001d8377c7687 to 0x000001d8377c77f0
Event: 16.135 Thread 0x000001d8467a3aa0 Exception <a 'java/io/FileNotFoundException'{0x00000000ead4ba58}> (0x00000000ead4ba58) 
thrown [s\open\src\hotspot\share\prims\jni.cpp, line 516]

VM Operations (20 events):
Event: 15.710 Executing VM operation: ParallelGCFailedAllocation
Event: 15.759 Executing VM operation: ParallelGCFailedAllocation done
Event: 15.759 Executing VM operation: ParallelGCFailedAllocation
Event: 15.808 Executing VM operation: ParallelGCFailedAllocation done
Event: 15.808 Executing VM operation: ParallelGCFailedAllocation
Event: 15.859 Executing VM operation: ParallelGCFailedAllocation done
Event: 15.859 Executing VM operation: ParallelGCFailedAllocation
Event: 15.909 Executing VM operation: ParallelGCFailedAllocation done
Event: 15.909 Executing VM operation: ParallelGCFailedAllocation
Event: 15.957 Executing VM operation: ParallelGCFailedAllocation done
Event: 15.957 Executing VM operation: ParallelGCFailedAllocation
Event: 16.007 Executing VM operation: ParallelGCFailedAllocation done
Event: 16.007 Executing VM operation: ParallelGCFailedAllocation
Event: 16.058 Executing VM operation: ParallelGCFailedAllocation done
Event: 16.058 Executing VM operation: ParallelGCFailedAllocation
Event: 16.109 Executing VM operation: ParallelGCFailedAllocation done
Event: 16.109 Executing VM operation: ParallelGCFailedAllocation
Event: 16.117 Executing VM operation: ParallelGCFailedAllocation done
Event: 16.131 Executing VM operation: ParallelGCFailedAllocation
Event: 16.133 Executing VM operation: ParallelGCFailedAllocation done

Events (20 events):
Event: 10.511 loading class java/util/concurrent/CompletionException done
Event: 11.525 loading class java/lang/Throwable$WrappedPrintWriter
Event: 12.355 loading class java/lang/Throwable$PrintStreamOrWriter
Event: 13.300 Thread 0x000001d844888700 Thread exited: 0x000001d844888700
Event: 13.300 Thread 0x000001d8448890a0 Thread exited: 0x000001d8448890a0
Event: 14.409 Thread 0x000001d8467a9fb0 Thread exited: 0x000001d8467a9fb0
Event: 14.470 Thread 0x000001d844888bd0 Thread exited: 0x000001d844888bd0
Event: 15.047 Thread 0x000001d844887d60 Thread exited: 0x000001d844887d60
Event: 15.107 Thread 0x000001d8467a6120 Thread exited: 0x000001d8467a6120
Event: 15.107 Thread 0x000001d8467a4910 Thread exited: 0x000001d8467a4910
Event: 15.290 Thread 0x000001d8467aae20 Thread exited: 0x000001d8467aae20
Event: 15.460 loading class java/lang/Throwable$PrintStreamOrWriter done
Event: 15.560 loading class java/lang/Throwable$WrappedPrintWriter done
Event: 15.661 loading class java/util/concurrent/CompletableFuture$UniExceptionally
Event: 16.118 loading class java/util/concurrent/CompletableFuture$UniExceptionally done
Event: 16.118 Thread 0x000001d8467a4910 Thread added: 0x000001d8467a4910
Event: 16.118 Thread 0x000001d8467aae20 Thread added: 0x000001d8467aae20
Event: 16.119 Thread 0x000001d8467a6120 Thread added: 0x000001d8467a6120
Event: 16.140 loading class java/util/concurrent/ConcurrentHashMap$TreeBin
Event: 16.140 loading class java/util/concurrent/ConcurrentHashMap$TreeBin done


Dynamic libraries:
0x00007ff75fed0000 - 0x00007ff75fee0000 	C:\Program Files\Java\jdk-17\bin\java.exe
0x00007ffff1d90000 - 0x00007ffff1fa4000 	C:\WINDOWS\SYSTEM32\ntdll.dll
0x00007ffff0900000 - 0x00007ffff09c4000 	C:\WINDOWS\System32\KERNEL32.DLL
0x00007fffef170000 - 0x00007fffef514000 	C:\WINDOWS\System32\KERNELBASE.dll
0x00007fffef800000 - 0x00007fffef911000 	C:\WINDOWS\System32\ucrtbase.dll
0x00007fffde110000 - 0x00007fffde12b000 	C:\Program Files\Java\jdk-17\bin\VCRUNTIME140.dll
0x00007fffde130000 - 0x00007fffde149000 	C:\Program Files\Java\jdk-17\bin\jli.dll
0x00007ffff1b90000 - 0x00007ffff1c40000 	C:\WINDOWS\System32\ADVAPI32.dll
0x00007ffff15e0000 - 0x00007ffff1687000 	C:\WINDOWS\System32\msvcrt.dll
0x00007ffff0080000 - 0x00007ffff0126000 	C:\WINDOWS\System32\sechost.dll
0x00007ffff0370000 - 0x00007ffff0487000 	C:\WINDOWS\System32\RPCRT4.dll
0x00007ffff19e0000 - 0x00007ffff1b8a000 	C:\WINDOWS\System32\USER32.dll
0x00007fffbb010000 - 0x00007fffbb29f000 	C:\WINDOWS\WinSxS\amd64_microsoft.windows.common-controls_6595b64144ccf1df_6.0.22621.2070_none_2713e6537381f706\COMCTL32.dll
0x00007fffef520000 - 0x00007fffef546000 	C:\WINDOWS\System32\win32u.dll
0x00007ffff0050000 - 0x00007ffff0079000 	C:\WINDOWS\System32\GDI32.dll
0x00007fffef5d0000 - 0x00007fffef6e9000 	C:\WINDOWS\System32\gdi32full.dll
0x00007fffef760000 - 0x00007fffef7fa000 	C:\WINDOWS\System32\msvcp_win.dll
0x00007fffdc1e0000 - 0x00007fffdc1ea000 	C:\WINDOWS\SYSTEM32\VERSION.dll
0x00007ffff09d0000 - 0x00007ffff0a01000 	C:\WINDOWS\System32\IMM32.DLL
0x00007fffeb780000 - 0x00007fffeb78c000 	C:\Program Files\Java\jdk-17\bin\vcruntime140_1.dll
0x00007fffdb750000 - 0x00007fffdb7de000 	C:\Program Files\Java\jdk-17\bin\msvcp140.dll
0x00007fffa10c0000 - 0x00007fffa1c9d000 	C:\Program Files\Java\jdk-17\bin\server\jvm.dll
0x00007ffff0310000 - 0x00007ffff0318000 	C:\WINDOWS\System32\PSAPI.DLL
0x00007fffd9660000 - 0x00007fffd9694000 	C:\WINDOWS\SYSTEM32\WINMM.dll
0x00007fffd6590000 - 0x00007fffd6599000 	C:\WINDOWS\SYSTEM32\WSOCK32.dll
0x00007ffff0ba0000 - 0x00007ffff0c11000 	C:\WINDOWS\System32\WS2_32.dll
0x00007fffee210000 - 0x00007fffee228000 	C:\WINDOWS\SYSTEM32\kernel.appcore.dll
0x00007fffde100000 - 0x00007fffde10a000 	C:\Program Files\Java\jdk-17\bin\jimage.dll
0x00007fffeca80000 - 0x00007fffeccae000 	C:\WINDOWS\SYSTEM32\DBGHELP.DLL
0x00007ffff0570000 - 0x00007ffff08fa000 	C:\WINDOWS\System32\combase.dll
0x00007ffff0490000 - 0x00007ffff0567000 	C:\WINDOWS\System32\OLEAUT32.dll
0x00007fffd93d0000 - 0x00007fffd9402000 	C:\WINDOWS\SYSTEM32\dbgcore.DLL
0x00007fffef550000 - 0x00007fffef5ca000 	C:\WINDOWS\System32\bcryptPrimitives.dll
0x00007fffde0f0000 - 0x00007fffde0fe000 	C:\Program Files\Java\jdk-17\bin\instrument.dll
0x00007fffdcfa0000 - 0x00007fffdcfc5000 	C:\Program Files\Java\jdk-17\bin\java.dll
0x00007fffc3f70000 - 0x00007fffc4047000 	C:\Program Files\Java\jdk-17\bin\jsvml.dll
0x00007ffff0c20000 - 0x00007ffff1436000 	C:\WINDOWS\System32\SHELL32.dll
0x00007fffed100000 - 0x00007fffed9ea000 	C:\WINDOWS\SYSTEM32\windows.storage.dll
0x00007fffecfc0000 - 0x00007fffed0fe000 	C:\WINDOWS\SYSTEM32\wintypes.dll
0x00007ffff16a0000 - 0x00007ffff1793000 	C:\WINDOWS\System32\SHCORE.dll
0x00007fffefb50000 - 0x00007fffefbae000 	C:\WINDOWS\System32\shlwapi.dll
0x00007fffef0a0000 - 0x00007fffef0c6000 	C:\WINDOWS\SYSTEM32\profapi.dll
0x00007fffddf20000 - 0x00007fffddf38000 	C:\Program Files\Java\jdk-17\bin\zip.dll
0x00007fffddbf0000 - 0x00007fffddc09000 	C:\Program Files\Java\jdk-17\bin\net.dll
0x00007fffe8550000 - 0x00007fffe8687000 	C:\WINDOWS\SYSTEM32\WINHTTP.dll
0x00007fffee6d0000 - 0x00007fffee739000 	C:\WINDOWS\system32\mswsock.dll
0x00007fffddb70000 - 0x00007fffddb86000 	C:\Program Files\Java\jdk-17\bin\nio.dll
0x00007fffde0e0000 - 0x00007fffde0f0000 	C:\Program Files\Java\jdk-17\bin\verify.dll
0x00007fffdb980000 - 0x00007fffdb9be000 	C:\Users\Aluno\AppData\Roaming\Code\User\globalStorage\redhat.java\1.21.0\config_win\org.eclipse.equinox.launcher\org.eclipse.equinox.launcher.win32.win32.x86_64_1.2.700.v20221108-1024\eclipse_11801.dll
0x00007ffff1440000 - 0x00007ffff15dc000 	C:\WINDOWS\System32\ole32.dll
0x00007fffdd9d0000 - 0x00007fffdd9da000 	C:\Program Files\Java\jdk-17\bin\management.dll
0x00007fffdd010000 - 0x00007fffdd01b000 	C:\Program Files\Java\jdk-17\bin\management_ext.dll
0x00007fffee9f0000 - 0x00007fffeea0b000 	C:\WINDOWS\SYSTEM32\CRYPTSP.dll
0x00007fffee1d0000 - 0x00007fffee205000 	C:\WINDOWS\system32\rsaenh.dll
0x00007fffee770000 - 0x00007fffee79c000 	C:\WINDOWS\SYSTEM32\USERENV.dll
0x00007fffeeb10000 - 0x00007fffeeb38000 	C:\WINDOWS\SYSTEM32\bcrypt.dll
0x00007fffee9d0000 - 0x00007fffee9dc000 	C:\WINDOWS\SYSTEM32\CRYPTBASE.dll
0x00007fffedd00000 - 0x00007fffedd2d000 	C:\WINDOWS\SYSTEM32\IPHLPAPI.DLL
0x00007ffff0b10000 - 0x00007ffff0b19000 	C:\WINDOWS\System32\NSI.dll
0x00007fffe8530000 - 0x00007fffe8549000 	C:\WINDOWS\SYSTEM32\dhcpcsvc6.DLL
0x00007fffe8330000 - 0x00007fffe834f000 	C:\WINDOWS\SYSTEM32\dhcpcsvc.DLL
0x00007fffedd30000 - 0x00007fffede23000 	C:\WINDOWS\SYSTEM32\DNSAPI.dll
0x00007fffcbc90000 - 0x00007fffcbcd5000 	C:\Users\Aluno\AppData\Local\Temp\jna-63362251\jna17956829527233199996.dll

dbghelp: loaded successfully - version: 4.0.5 - missing functions: none
symbol engine: initialized successfully - sym options: 0x614 - pdb path: .;C:\Program Files\Java\jdk-17\bin;C:\WINDOWS\SYSTEM32;C:\WINDOWS\WinSxS\amd64_microsoft.windows.common-controls_6595b64144ccf1df_6.0.22621.2070_none_2713e6537381f706;C:\Program Files\Java\jdk-17\bin\server;C:\Users\Aluno\AppData\Roaming\Code\User\globalStorage\redhat.java\1.21.0\config_win\org.eclipse.equinox.launcher\org.eclipse.equinox.launcher.win32.win32.x86_64_1.2.700.v20221108-1024;C:\Users\Aluno\AppData\Local\Temp\jna-63362251

VM Arguments:
jvm_args: --add-modules=ALL-SYSTEM --add-opens=java.base/java.util=ALL-UNNAMED --add-opens=java.base/java.lang=ALL-UNNAMED --add-opens=java.base/sun.nio.fs=ALL-UNNAMED -Declipse.application=org.eclipse.jdt.ls.core.id1 -Dosgi.bundles.defaultStartLevel=4 -Declipse.product=org.eclipse.jdt.ls.core.product -Djava.import.generatesMetadataFilesAtProjectRoot=false -Dfile.encoding=utf8 -XX:+UseParallelGC -XX:GCTimeRatio=4 -XX:AdaptiveSizePolicyWeight=90 -Dsun.zip.disableMemoryMapping=true -Xmx1G -Xms100m -Xlog:disable -javaagent:c:\Users\Aluno\.vscode\extensions\redhat.java-1.21.0\lombok\lombok-1.18.28.jar -XX:+HeapDumpOnOutOfMemoryError -XX:HeapDumpPath=c:\Users\Aluno\AppData\Roaming\Code\User\workspaceStorage\1db7940c5e187e38a8077fbb54b70550\redhat.java -Daether.dependencyCollector.impl=bf 
java_command: c:\Users\Aluno\.vscode\extensions\redhat.java-1.21.0\server\plugins\org.eclipse.equinox.launcher_1.6.500.v20230717-2134.jar -configuration c:\Users\Aluno\AppData\Roaming\Code\User\globalStorage\redhat.java\1.21.0\config_win -data c:\Users\Aluno\AppData\Roaming\Code\User\workspaceStorage\1db7940c5e187e38a8077fbb54b70550\redhat.java\jdt_ws
java_class_path (initial): c:\Users\Aluno\.vscode\extensions\redhat.java-1.21.0\server\plugins\org.eclipse.equinox.launcher_1.6.500.v20230717-2134.jar
Launcher Type: SUN_STANDARD

[Global flags]
    uintx AdaptiveSizePolicyWeight                 = 90                                        {product} {command line}
     intx CICompilerCount                          = 4                                         {product} {ergonomic}
    uintx GCTimeRatio                              = 4                                         {product} {command line}
     bool HeapDumpOnOutOfMemoryError               = true                                   {manageable} {command line}
    ccstr HeapDumpPath                             = c:\Users\Aluno\AppData\Roaming\Code\User\workspaceStorage\1db7940c5e187e38a8077fbb54b70550\redhat.java         {manageable} {command line}
   size_t InitialHeapSize                          = 104857600                                 {product} {command line}
   size_t MaxHeapSize                              = 1073741824                                {product} {command line}
   size_t MaxNewSize                               = 357564416                                 {product} {ergonomic}
   size_t MinHeapDeltaBytes                        = 524288                                    {product} {ergonomic}
   size_t MinHeapSize                              = 104857600                                 {product} {command line}
   size_t NewSize                                  = 34603008                                  {product} {ergonomic}
    uintx NonNMethodCodeHeapSize                   = 5839372                                {pd product} {ergonomic}
    uintx NonProfiledCodeHeapSize                  = 122909434                              {pd product} {ergonomic}
   size_t OldSize                                  = 70254592                                  {product} {ergonomic}
    uintx ProfiledCodeHeapSize                     = 122909434                              {pd product} {ergonomic}
    uintx ReservedCodeCacheSize                    = 251658240                              {pd product} {ergonomic}
     bool SegmentedCodeCache                       = true                                      {product} {ergonomic}
   size_t SoftMaxHeapSize                          = 1073741824                             {manageable} {ergonomic}
     bool UseCompressedClassPointers               = true                           {product lp64_product} {ergonomic}
     bool UseCompressedOops                        = true                           {product lp64_product} {ergonomic}
     bool UseLargePagesIndividualAllocation        = false                                  {pd product} {ergonomic}
     bool UseParallelGC                            = true                                      {product} {command line}

Logging:
Log output configuration:
 #0: stdout all=off uptime,level,tags
 #1: stderr all=off uptime,level,tags

Environment Variables:
PATH=C:\Python311\Scripts\;C:\Python311\;C:\Program Files\Common Files\Oracle\Java\javapath;C:\WINDOWS\system32;C:\WINDOWS;C:\WINDOWS\System32\Wbem;C:\WINDOWS\System32\WindowsPowerShell\v1.0\;C:\WINDOWS\System32\OpenSSH\;C:\Program Files\dotnet\;C:\Program Files\Microsoft SQL Server\130\Tools\Binn\;C:\Program Files\Amazon\AWSCLIV2\;C:\Program Files (x86)\Google\Cloud SDK\google-cloud-sdk\bin;C:\ProgramData\chocolatey\bin;C:\Windows\System32;C:\Program Files\Docker\Docker\resources\bin;C:\Program Files\Git\cmd;C:\Program Files\nodejs\;C:\Users\Aluno\AppData\Local\Microsoft\WindowsApps;C:\Users\Aluno\AppData\Local\Programs\Microsoft VS Code\bin
USERNAME=Aluno
OS=Windows_NT
PROCESSOR_IDENTIFIER=Intel64 Family 6 Model 151 Stepping 5, GenuineIntel



---------------  S Y S T E M  ---------------

OS:
 Windows 11 , 64 bit Build 22621 (10.0.22621.2070)
OS uptime: 15 days 7:08 hours
Hyper-V role detected

CPU: total 8 (initial active 8) (4 cores per cpu, 2 threads per core) family 6 model 151 stepping 5 microcode 0x26, cx8, cmov, fxsr, ht, mmx, 3dnowpref, sse, sse2, sse3, ssse3, sse4.1, sse4.2, popcnt, lzcnt, tsc, tscinvbit, avx, avx2, aes, erms, clmul, bmi1, bmi2, adx, sha, fma, vzeroupper, clflush, clflushopt, clwb, hv

Memory: 4k page, system-wide physical 16072M (5296M free)
TotalPageFile size 46243M (AvailPageFile size 2M)
current process WorkingSet (physical memory assigned to process): 555M, peak: 555M
current process commit charge ("private bytes"): 912M, peak: 944M

vm_info: Java HotSpot(TM) 64-Bit Server VM (17.0.7+8-LTS-224) for windows-amd64 JRE (17.0.7+8-LTS-224), built on Feb 28 2023 23:03:02 by "mach5one" with MS VC++ 17.1 (VS2022)

END.
